MESA-LOADER: failed to open nvidia-drm: /usr/lib/gbm/nvidia-drm_gbm.so: cannot open shared object file: No such file or directory (search paths /usr/lib/gbm, suffix _gbm)

=================================================================
==3503==ERROR: LeakSanitizer: detected memory leaks

Direct leak of 16384 byte(s) in 1 object(s) allocated from:
    #0 0x7f5c467205dd in calloc (/usr/lib/libasan.so.8+0x1205dd) (BuildId: 0b96d08695bbce2da9d4770c29ad2e72fb536f47)
    #1 0x55a7a3f9e2b6 in c_drm_cursor_init ../backend/drm/cursor.c:82
    #2 0x55a7a3f9d2c3 in c_drm_init ../backend/drm/drm.c:228
    #3 0x55a7a3fa20af in c_backend_init ../backend/backend.c:172
    #4 0x55a7a3f9af10 in main ../cuts.c:347
    #5 0x7f5c464366c0  (/usr/lib/libc.so.6+0x276c0) (BuildId: 7a8d41a2df4fde040b4c6ac2832311ab645a1e41)
    #6 0x7f5c464367f8 in __libc_start_main (/usr/lib/libc.so.6+0x277f8) (BuildId: 7a8d41a2df4fde040b4c6ac2832311ab645a1e41)
    #7 0x55a7a3f97d24 in _start (/home/user/cuts/build/main+0xcd24) (BuildId: 0b5c5505666bcb4c65222e617342ab07e5e82408)

Direct leak of 40 byte(s) in 1 object(s) allocated from:
    #0 0x7f5c467205dd in calloc (/usr/lib/libasan.so.8+0x1205dd) (BuildId: 0b96d08695bbce2da9d4770c29ad2e72fb536f47)
    #1 0x55a7a3fa77a4 in c_list_new ../util/list.c:7
    #2 0x55a7a3fa1dc8 in c_backend_init ../backend/backend.c:151
    #3 0x55a7a3f9af10 in main ../cuts.c:347
    #4 0x7f5c464366c0  (/usr/lib/libc.so.6+0x276c0) (BuildId: 7a8d41a2df4fde040b4c6ac2832311ab645a1e41)
    #5 0x7f5c464367f8 in __libc_start_main (/usr/lib/libc.so.6+0x277f8) (BuildId: 7a8d41a2df4fde040b4c6ac2832311ab645a1e41)
    #6 0x55a7a3f97d24 in _start (/home/user/cuts/build/main+0xcd24) (BuildId: 0b5c5505666bcb4c65222e617342ab07e5e82408)

Direct leak of 40 byte(s) in 1 object(s) allocated from:
    #0 0x7f5c467205dd in calloc (/usr/lib/libasan.so.8+0x1205dd) (BuildId: 0b96d08695bbce2da9d4770c29ad2e72fb536f47)
    #1 0x55a7a3fa77a4 in c_list_new ../util/list.c:7
    #2 0x55a7a3fa798b in c_list_push ../util/list.c:30
    #3 0x55a7a3fa1a11 in c_backend_device_open ../backend/backend.c:120
    #4 0x55a7a3fa13c3 in input_open_restricted ../backend/backend.c:59
    #5 0x7f5c46e34cdc  (/usr/lib/libinput.so.10+0x2acdc) (BuildId: 75377b5b78b918a29ca69d3823ab28b8994e396c)
    #6 0x7f5c46e58603  (/usr/lib/libinput.so.10+0x4e603) (BuildId: 75377b5b78b918a29ca69d3823ab28b8994e396c)
    #7 0x7f5c46e589f8  (/usr/lib/libinput.so.10+0x4e9f8) (BuildId: 75377b5b78b918a29ca69d3823ab28b8994e396c)
    #8 0x7f5c46e58ba0 in libinput_udev_assign_seat (/usr/lib/libinput.so.10+0x4eba0) (BuildId: 75377b5b78b918a29ca69d3823ab28b8994e396c)
    #9 0x55a7a3fa0ce3 in c_input_init ../backend/input.c:373
    #10 0x55a7a3fa1fe7 in c_backend_init ../backend/backend.c:168
    #11 0x55a7a3f9af10 in main ../cuts.c:347
    #12 0x7f5c464366c0  (/usr/lib/libc.so.6+0x276c0) (BuildId: 7a8d41a2df4fde040b4c6ac2832311ab645a1e41)
    #13 0x7f5c464367f8 in __libc_start_main (/usr/lib/libc.so.6+0x277f8) (BuildId: 7a8d41a2df4fde040b4c6ac2832311ab645a1e41)
    #14 0x55a7a3f97d24 in _start (/home/user/cuts/build/main+0xcd24) (BuildId: 0b5c5505666bcb4c65222e617342ab07e5e82408)

Indirect leak of 65504 byte(s) in 2 object(s) allocated from:
    #0 0x7f5c46720cb5 in malloc (/usr/lib/libasan.so.8+0x120cb5) (BuildId: 0b96d08695bbce2da9d4770c29ad2e72fb536f47)
    #1 0x7b5c3fd9542d  (/usr/lib/libgallium-26.0.1-arch1.1.so+0x59542d) (BuildId: a3dce0dd9c47a82c903c70183600f6fd1a705e41)
    #2 0x7b5c3fd9607e  (/usr/lib/libgallium-26.0.1-arch1.1.so+0x59607e) (BuildId: a3dce0dd9c47a82c903c70183600f6fd1a705e41)
    #3 0x7b5c3fd96184  (/usr/lib/libgallium-26.0.1-arch1.1.so+0x596184) (BuildId: a3dce0dd9c47a82c903c70183600f6fd1a705e41)
    #4 0x7b5c3fdf5362  (/usr/lib/libgallium-26.0.1-arch1.1.so+0x5f5362) (BuildId: a3dce0dd9c47a82c903c70183600f6fd1a705e41)
    #5 0x7b5c3fdf6ada  (/usr/lib/libgallium-26.0.1-arch1.1.so+0x5f6ada) (BuildId: a3dce0dd9c47a82c903c70183600f6fd1a705e41)
    #6 0x7b5c3fea7a6d  (/usr/lib/libgallium-26.0.1-arch1.1.so+0x6a7a6d) (BuildId: a3dce0dd9c47a82c903c70183600f6fd1a705e41)
    #7 0x7b5c3fea8798  (/usr/lib/libgallium-26.0.1-arch1.1.so+0x6a8798) (BuildId: a3dce0dd9c47a82c903c70183600f6fd1a705e41)
    #8 0x7b5c3fea8b19  (/usr/lib/libgallium-26.0.1-arch1.1.so+0x6a8b19) (BuildId: a3dce0dd9c47a82c903c70183600f6fd1a705e41)
    #9 0x7b5c3f97413c  (/usr/lib/libgallium-26.0.1-arch1.1.so+0x17413c) (BuildId: a3dce0dd9c47a82c903c70183600f6fd1a705e41)
    #10 0x7b5c3f974fe3  (/usr/lib/libgallium-26.0.1-arch1.1.so+0x174fe3) (BuildId: a3dce0dd9c47a82c903c70183600f6fd1a705e41)
    #11 0x7b5c3f976168  (/usr/lib/libgallium-26.0.1-arch1.1.so+0x176168) (BuildId: a3dce0dd9c47a82c903c70183600f6fd1a705e41)
    #12 0x7b5c3f9768bd  (/usr/lib/libgallium-26.0.1-arch1.1.so+0x1768bd) (BuildId: a3dce0dd9c47a82c903c70183600f6fd1a705e41)
    #13 0x7b5c3f977ef1  (/usr/lib/libgallium-26.0.1-arch1.1.so+0x177ef1) (BuildId: a3dce0dd9c47a82c903c70183600f6fd1a705e41)
    #14 0x7b5c3f9780ac  (/usr/lib/libgallium-26.0.1-arch1.1.so+0x1780ac) (BuildId: a3dce0dd9c47a82c903c70183600f6fd1a705e41)
    #15 0x7b5c3fbe43ae  (/usr/lib/libgallium-26.0.1-arch1.1.so+0x3e43ae) (BuildId: a3dce0dd9c47a82c903c70183600f6fd1a705e41)
    #16 0x7b5c3fb9c8e2  (/usr/lib/libgallium-26.0.1-arch1.1.so+0x39c8e2) (BuildId: a3dce0dd9c47a82c903c70183600f6fd1a705e41)
    #17 0x55a7a3fc8b17 in c_gles_init ../render/egl.c:424
    #18 0x55a7a3fc9cf3 in c_egl_init ../render/egl.c:588
    #19 0x55a7a3fcdf07 in c_render_init ../render/render.c:409
    #20 0x55a7a3f9b2a5 in main ../cuts.c:369
    #21 0x7f5c464366c0  (/usr/lib/libc.so.6+0x276c0) (BuildId: 7a8d41a2df4fde040b4c6ac2832311ab645a1e41)
    #22 0x7f5c464367f8 in __libc_start_main (/usr/lib/libc.so.6+0x277f8) (BuildId: 7a8d41a2df4fde040b4c6ac2832311ab645a1e41)
    #23 0x55a7a3f97d24 in _start (/home/user/cuts/build/main+0xcd24) (BuildId: 0b5c5505666bcb4c65222e617342ab07e5e82408)

Indirect leak of 65408 byte(s) in 2 object(s) allocated from:
    #0 0x7f5c46720cb5 in malloc (/usr/lib/libasan.so.8+0x120cb5) (BuildId: 0b96d08695bbce2da9d4770c29ad2e72fb536f47)
    #1 0x7b5c3fd9542d  (/usr/lib/libgallium-26.0.1-arch1.1.so+0x59542d) (BuildId: a3dce0dd9c47a82c903c70183600f6fd1a705e41)
    #2 0x7b5c3fd9607e  (/usr/lib/libgallium-26.0.1-arch1.1.so+0x59607e) (BuildId: a3dce0dd9c47a82c903c70183600f6fd1a705e41)
    #3 0x7b5c3fd96184  (/usr/lib/libgallium-26.0.1-arch1.1.so+0x596184) (BuildId: a3dce0dd9c47a82c903c70183600f6fd1a705e41)
    #4 0x7b5c3fdf5362  (/usr/lib/libgallium-26.0.1-arch1.1.so+0x5f5362) (BuildId: a3dce0dd9c47a82c903c70183600f6fd1a705e41)
    #5 0x7b5c3fdf6878  (/usr/lib/libgallium-26.0.1-arch1.1.so+0x5f6878) (BuildId: a3dce0dd9c47a82c903c70183600f6fd1a705e41)
    #6 0x7b5c3fea776e  (/usr/lib/libgallium-26.0.1-arch1.1.so+0x6a776e) (BuildId: a3dce0dd9c47a82c903c70183600f6fd1a705e41)
    #7 0x7b5c3fea8798  (/usr/lib/libgallium-26.0.1-arch1.1.so+0x6a8798) (BuildId: a3dce0dd9c47a82c903c70183600f6fd1a705e41)
    #8 0x7b5c3fea8b19  (/usr/lib/libgallium-26.0.1-arch1.1.so+0x6a8b19) (BuildId: a3dce0dd9c47a82c903c70183600f6fd1a705e41)
    #9 0x7b5c3f97413c  (/usr/lib/libgallium-26.0.1-arch1.1.so+0x17413c) (BuildId: a3dce0dd9c47a82c903c70183600f6fd1a705e41)
    #10 0x7b5c3f974fe3  (/usr/lib/libgallium-26.0.1-arch1.1.so+0x174fe3) (BuildId: a3dce0dd9c47a82c903c70183600f6fd1a705e41)
    #11 0x7b5c3f976168  (/usr/lib/libgallium-26.0.1-arch1.1.so+0x176168) (BuildId: a3dce0dd9c47a82c903c70183600f6fd1a705e41)
    #12 0x7b5c3f9768bd  (/usr/lib/libgallium-26.0.1-arch1.1.so+0x1768bd) (BuildId: a3dce0dd9c47a82c903c70183600f6fd1a705e41)
    #13 0x7b5c3f977ef1  (/usr/lib/libgallium-26.0.1-arch1.1.so+0x177ef1) (BuildId: a3dce0dd9c47a82c903c70183600f6fd1a705e41)
    #14 0x7b5c3f9780ac  (/usr/lib/libgallium-26.0.1-arch1.1.so+0x1780ac) (BuildId: a3dce0dd9c47a82c903c70183600f6fd1a705e41)
    #15 0x7b5c3fbe43ae  (/usr/lib/libgallium-26.0.1-arch1.1.so+0x3e43ae) (BuildId: a3dce0dd9c47a82c903c70183600f6fd1a705e41)
    #16 0x7b5c3fb9c8e2  (/usr/lib/libgallium-26.0.1-arch1.1.so+0x39c8e2) (BuildId: a3dce0dd9c47a82c903c70183600f6fd1a705e41)
    #17 0x55a7a3fc8b17 in c_gles_init ../render/egl.c:424
    #18 0x55a7a3fc9cf3 in c_egl_init ../render/egl.c:588
    #19 0x55a7a3fcdf07 in c_render_init ../render/render.c:409
    #20 0x55a7a3f9b2a5 in main ../cuts.c:369
    #21 0x7f5c464366c0  (/usr/lib/libc.so.6+0x276c0) (BuildId: 7a8d41a2df4fde040b4c6ac2832311ab645a1e41)
    #22 0x7f5c464367f8 in __libc_start_main (/usr/lib/libc.so.6+0x277f8) (BuildId: 7a8d41a2df4fde040b4c6ac2832311ab645a1e41)
    #23 0x55a7a3f97d24 in _start (/home/user/cuts/build/main+0xcd24) (BuildId: 0b5c5505666bcb4c65222e617342ab07e5e82408)

Indirect leak of 32816 byte(s) in 1 object(s) allocated from:
    #0 0x7f5c46720cb5 in malloc (/usr/lib/libasan.so.8+0x120cb5) (BuildId: 0b96d08695bbce2da9d4770c29ad2e72fb536f47)
    #1 0x7b5c3fd9542d  (/usr/lib/libgallium-26.0.1-arch1.1.so+0x59542d) (BuildId: a3dce0dd9c47a82c903c70183600f6fd1a705e41)
    #2 0x7b5c3fd9607e  (/usr/lib/libgallium-26.0.1-arch1.1.so+0x59607e) (BuildId: a3dce0dd9c47a82c903c70183600f6fd1a705e41)
    #3 0x7b5c3fd96184  (/usr/lib/libgallium-26.0.1-arch1.1.so+0x596184) (BuildId: a3dce0dd9c47a82c903c70183600f6fd1a705e41)
    #4 0x7b5c3fdf726d  (/usr/lib/libgallium-26.0.1-arch1.1.so+0x5f726d) (BuildId: a3dce0dd9c47a82c903c70183600f6fd1a705e41)
    #5 0x7b5c3feada48  (/usr/lib/libgallium-26.0.1-arch1.1.so+0x6ada48) (BuildId: a3dce0dd9c47a82c903c70183600f6fd1a705e41)
    #6 0x7b5c3f975fa4  (/usr/lib/libgallium-26.0.1-arch1.1.so+0x175fa4) (BuildId: a3dce0dd9c47a82c903c70183600f6fd1a705e41)
    #7 0x7b5c3f976386  (/usr/lib/libgallium-26.0.1-arch1.1.so+0x176386) (BuildId: a3dce0dd9c47a82c903c70183600f6fd1a705e41)
    #8 0x7b5c3f9769e9  (/usr/lib/libgallium-26.0.1-arch1.1.so+0x1769e9) (BuildId: a3dce0dd9c47a82c903c70183600f6fd1a705e41)
    #9 0x7b5c3f977ef1  (/usr/lib/libgallium-26.0.1-arch1.1.so+0x177ef1) (BuildId: a3dce0dd9c47a82c903c70183600f6fd1a705e41)
    #10 0x7b5c3f9780ac  (/usr/lib/libgallium-26.0.1-arch1.1.so+0x1780ac) (BuildId: a3dce0dd9c47a82c903c70183600f6fd1a705e41)
    #11 0x7b5c3fbe43ae  (/usr/lib/libgallium-26.0.1-arch1.1.so+0x3e43ae) (BuildId: a3dce0dd9c47a82c903c70183600f6fd1a705e41)
    #12 0x7b5c3fb9c8e2  (/usr/lib/libgallium-26.0.1-arch1.1.so+0x39c8e2) (BuildId: a3dce0dd9c47a82c903c70183600f6fd1a705e41)
    #13 0x55a7a3fc8b17 in c_gles_init ../render/egl.c:424
    #14 0x55a7a3fc9cf3 in c_egl_init ../render/egl.c:588
    #15 0x55a7a3fcdf07 in c_render_init ../render/render.c:409
    #16 0x55a7a3f9b2a5 in main ../cuts.c:369
    #17 0x7f5c464366c0  (/usr/lib/libc.so.6+0x276c0) (BuildId: 7a8d41a2df4fde040b4c6ac2832311ab645a1e41)
    #18 0x7f5c464367f8 in __libc_start_main (/usr/lib/libc.so.6+0x277f8) (BuildId: 7a8d41a2df4fde040b4c6ac2832311ab645a1e41)
    #19 0x55a7a3f97d24 in _start (/home/user/cuts/build/main+0xcd24) (BuildId: 0b5c5505666bcb4c65222e617342ab07e5e82408)

Indirect leak of 32752 byte(s) in 1 object(s) allocated from:
    #0 0x7f5c46720cb5 in malloc (/usr/lib/libasan.so.8+0x120cb5) (BuildId: 0b96d08695bbce2da9d4770c29ad2e72fb536f47)
    #1 0x7b5c3fd9542d  (/usr/lib/libgallium-26.0.1-arch1.1.so+0x59542d) (BuildId: a3dce0dd9c47a82c903c70183600f6fd1a705e41)
    #2 0x7b5c3fd9607e  (/usr/lib/libgallium-26.0.1-arch1.1.so+0x59607e) (BuildId: a3dce0dd9c47a82c903c70183600f6fd1a705e41)
    #3 0x7b5c3fd96184  (/usr/lib/libgallium-26.0.1-arch1.1.so+0x596184) (BuildId: a3dce0dd9c47a82c903c70183600f6fd1a705e41)
    #4 0x7b5c3fea5846  (/usr/lib/libgallium-26.0.1-arch1.1.so+0x6a5846) (BuildId: a3dce0dd9c47a82c903c70183600f6fd1a705e41)
    #5 0x7b5c3fea8a2b  (/usr/lib/libgallium-26.0.1-arch1.1.so+0x6a8a2b) (BuildId: a3dce0dd9c47a82c903c70183600f6fd1a705e41)
    #6 0x7b5c3f97413c  (/usr/lib/libgallium-26.0.1-arch1.1.so+0x17413c) (BuildId: a3dce0dd9c47a82c903c70183600f6fd1a705e41)
    #7 0x7b5c3f97595e  (/usr/lib/libgallium-26.0.1-arch1.1.so+0x17595e) (BuildId: a3dce0dd9c47a82c903c70183600f6fd1a705e41)
    #8 0x7b5c3f976386  (/usr/lib/libgallium-26.0.1-arch1.1.so+0x176386) (BuildId: a3dce0dd9c47a82c903c70183600f6fd1a705e41)
    #9 0x7b5c3f9769e9  (/usr/lib/libgallium-26.0.1-arch1.1.so+0x1769e9) (BuildId: a3dce0dd9c47a82c903c70183600f6fd1a705e41)
    #10 0x7b5c3f977ef1  (/usr/lib/libgallium-26.0.1-arch1.1.so+0x177ef1) (BuildId: a3dce0dd9c47a82c903c70183600f6fd1a705e41)
    #11 0x7b5c3f9780ac  (/usr/lib/libgallium-26.0.1-arch1.1.so+0x1780ac) (BuildId: a3dce0dd9c47a82c903c70183600f6fd1a705e41)
    #12 0x7b5c3fbe43ae  (/usr/lib/libgallium-26.0.1-arch1.1.so+0x3e43ae) (BuildId: a3dce0dd9c47a82c903c70183600f6fd1a705e41)
    #13 0x7b5c3fb9c8e2  (/usr/lib/libgallium-26.0.1-arch1.1.so+0x39c8e2) (BuildId: a3dce0dd9c47a82c903c70183600f6fd1a705e41)
    #14 0x55a7a3fc8b17 in c_gles_init ../render/egl.c:424
    #15 0x55a7a3fc9cf3 in c_egl_init ../render/egl.c:588
    #16 0x55a7a3fcdf07 in c_render_init ../render/render.c:409
    #17 0x55a7a3f9b2a5 in main ../cuts.c:369
    #18 0x7f5c464366c0  (/usr/lib/libc.so.6+0x276c0) (BuildId: 7a8d41a2df4fde040b4c6ac2832311ab645a1e41)
    #19 0x7f5c464367f8 in __libc_start_main (/usr/lib/libc.so.6+0x277f8) (BuildId: 7a8d41a2df4fde040b4c6ac2832311ab645a1e41)
    #20 0x55a7a3f97d24 in _start (/home/user/cuts/build/main+0xcd24) (BuildId: 0b5c5505666bcb4c65222e617342ab07e5e82408)

Indirect leak of 32752 byte(s) in 1 object(s) allocated from:
    #0 0x7f5c46720cb5 in malloc (/usr/lib/libasan.so.8+0x120cb5) (BuildId: 0b96d08695bbce2da9d4770c29ad2e72fb536f47)
    #1 0x7b5c3fd9542d  (/usr/lib/libgallium-26.0.1-arch1.1.so+0x59542d) (BuildId: a3dce0dd9c47a82c903c70183600f6fd1a705e41)
    #2 0x7b5c3fd9607e  (/usr/lib/libgallium-26.0.1-arch1.1.so+0x59607e) (BuildId: a3dce0dd9c47a82c903c70183600f6fd1a705e41)
    #3 0x7b5c3fd96184  (/usr/lib/libgallium-26.0.1-arch1.1.so+0x596184) (BuildId: a3dce0dd9c47a82c903c70183600f6fd1a705e41)
    #4 0x7b5c3fdf5362  (/usr/lib/libgallium-26.0.1-arch1.1.so+0x5f5362) (BuildId: a3dce0dd9c47a82c903c70183600f6fd1a705e41)
    #5 0x7b5c3fdf6a1a  (/usr/lib/libgallium-26.0.1-arch1.1.so+0x5f6a1a) (BuildId: a3dce0dd9c47a82c903c70183600f6fd1a705e41)
    #6 0x7b5c3fea79b7  (/usr/lib/libgallium-26.0.1-arch1.1.so+0x6a79b7) (BuildId: a3dce0dd9c47a82c903c70183600f6fd1a705e41)
    #7 0x7b5c3fea8798  (/usr/lib/libgallium-26.0.1-arch1.1.so+0x6a8798) (BuildId: a3dce0dd9c47a82c903c70183600f6fd1a705e41)
    #8 0x7b5c3fea8b19  (/usr/lib/libgallium-26.0.1-arch1.1.so+0x6a8b19) (BuildId: a3dce0dd9c47a82c903c70183600f6fd1a705e41)
    #9 0x7b5c3f97413c  (/usr/lib/libgallium-26.0.1-arch1.1.so+0x17413c) (BuildId: a3dce0dd9c47a82c903c70183600f6fd1a705e41)
    #10 0x7b5c3f974fe3  (/usr/lib/libgallium-26.0.1-arch1.1.so+0x174fe3) (BuildId: a3dce0dd9c47a82c903c70183600f6fd1a705e41)
    #11 0x7b5c3f976168  (/usr/lib/libgallium-26.0.1-arch1.1.so+0x176168) (BuildId: a3dce0dd9c47a82c903c70183600f6fd1a705e41)
    #12 0x7b5c3f9768bd  (/usr/lib/libgallium-26.0.1-arch1.1.so+0x1768bd) (BuildId: a3dce0dd9c47a82c903c70183600f6fd1a705e41)
    #13 0x7b5c3f977ef1  (/usr/lib/libgallium-26.0.1-arch1.1.so+0x177ef1) (BuildId: a3dce0dd9c47a82c903c70183600f6fd1a705e41)
    #14 0x7b5c3f9780ac  (/usr/lib/libgallium-26.0.1-arch1.1.so+0x1780ac) (BuildId: a3dce0dd9c47a82c903c70183600f6fd1a705e41)
    #15 0x7b5c3fbe43ae  (/usr/lib/libgallium-26.0.1-arch1.1.so+0x3e43ae) (BuildId: a3dce0dd9c47a82c903c70183600f6fd1a705e41)
    #16 0x7b5c3fb9c8e2  (/usr/lib/libgallium-26.0.1-arch1.1.so+0x39c8e2) (BuildId: a3dce0dd9c47a82c903c70183600f6fd1a705e41)
    #17 0x55a7a3fc8b17 in c_gles_init ../render/egl.c:424
    #18 0x55a7a3fc9cf3 in c_egl_init ../render/egl.c:588
    #19 0x55a7a3fcdf07 in c_render_init ../render/render.c:409
    #20 0x55a7a3f9b2a5 in main ../cuts.c:369
    #21 0x7f5c464366c0  (/usr/lib/libc.so.6+0x276c0) (BuildId: 7a8d41a2df4fde040b4c6ac2832311ab645a1e41)
    #22 0x7f5c464367f8 in __libc_start_main (/usr/lib/libc.so.6+0x277f8) (BuildId: 7a8d41a2df4fde040b4c6ac2832311ab645a1e41)
    #23 0x55a7a3f97d24 in _start (/home/user/cuts/build/main+0xcd24) (BuildId: 0b5c5505666bcb4c65222e617342ab07e5e82408)

Indirect leak of 32752 byte(s) in 1 object(s) allocated from:
    #0 0x7f5c46720cb5 in malloc (/usr/lib/libasan.so.8+0x120cb5) (BuildId: 0b96d08695bbce2da9d4770c29ad2e72fb536f47)
    #1 0x7b5c3fd9542d  (/usr/lib/libgallium-26.0.1-arch1.1.so+0x59542d) (BuildId: a3dce0dd9c47a82c903c70183600f6fd1a705e41)
    #2 0x7b5c3fd9607e  (/usr/lib/libgallium-26.0.1-arch1.1.so+0x59607e) (BuildId: a3dce0dd9c47a82c903c70183600f6fd1a705e41)
    #3 0x7b5c3fd96184  (/usr/lib/libgallium-26.0.1-arch1.1.so+0x596184) (BuildId: a3dce0dd9c47a82c903c70183600f6fd1a705e41)
    #4 0x7b5c3fdf6965  (/usr/lib/libgallium-26.0.1-arch1.1.so+0x5f6965) (BuildId: a3dce0dd9c47a82c903c70183600f6fd1a705e41)
    #5 0x7b5c3fea7619  (/usr/lib/libgallium-26.0.1-arch1.1.so+0x6a7619) (BuildId: a3dce0dd9c47a82c903c70183600f6fd1a705e41)
    #6 0x7b5c3fea8798  (/usr/lib/libgallium-26.0.1-arch1.1.so+0x6a8798) (BuildId: a3dce0dd9c47a82c903c70183600f6fd1a705e41)
    #7 0x7b5c3fea8b19  (/usr/lib/libgallium-26.0.1-arch1.1.so+0x6a8b19) (BuildId: a3dce0dd9c47a82c903c70183600f6fd1a705e41)
    #8 0x7b5c3f97413c  (/usr/lib/libgallium-26.0.1-arch1.1.so+0x17413c) (BuildId: a3dce0dd9c47a82c903c70183600f6fd1a705e41)
    #9 0x7b5c3f97595e  (/usr/lib/libgallium-26.0.1-arch1.1.so+0x17595e) (BuildId: a3dce0dd9c47a82c903c70183600f6fd1a705e41)
    #10 0x7b5c3f976386  (/usr/lib/libgallium-26.0.1-arch1.1.so+0x176386) (BuildId: a3dce0dd9c47a82c903c70183600f6fd1a705e41)
    #11 0x7b5c3f9769e9  (/usr/lib/libgallium-26.0.1-arch1.1.so+0x1769e9) (BuildId: a3dce0dd9c47a82c903c70183600f6fd1a705e41)
    #12 0x7b5c3f977ef1  (/usr/lib/libgallium-26.0.1-arch1.1.so+0x177ef1) (BuildId: a3dce0dd9c47a82c903c70183600f6fd1a705e41)
    #13 0x7b5c3f9780ac  (/usr/lib/libgallium-26.0.1-arch1.1.so+0x1780ac) (BuildId: a3dce0dd9c47a82c903c70183600f6fd1a705e41)
    #14 0x7b5c3fbe43ae  (/usr/lib/libgallium-26.0.1-arch1.1.so+0x3e43ae) (BuildId: a3dce0dd9c47a82c903c70183600f6fd1a705e41)
    #15 0x7b5c3fb9c8e2  (/usr/lib/libgallium-26.0.1-arch1.1.so+0x39c8e2) (BuildId: a3dce0dd9c47a82c903c70183600f6fd1a705e41)
    #16 0x55a7a3fc8b17 in c_gles_init ../render/egl.c:424
    #17 0x55a7a3fc9cf3 in c_egl_init ../render/egl.c:588
    #18 0x55a7a3fcdf07 in c_render_init ../render/render.c:409
    #19 0x55a7a3f9b2a5 in main ../cuts.c:369
    #20 0x7f5c464366c0  (/usr/lib/libc.so.6+0x276c0) (BuildId: 7a8d41a2df4fde040b4c6ac2832311ab645a1e41)
    #21 0x7f5c464367f8 in __libc_start_main (/usr/lib/libc.so.6+0x277f8) (BuildId: 7a8d41a2df4fde040b4c6ac2832311ab645a1e41)
    #22 0x55a7a3f97d24 in _start (/home/user/cuts/build/main+0xcd24) (BuildId: 0b5c5505666bcb4c65222e617342ab07e5e82408)

Indirect leak of 32752 byte(s) in 1 object(s) allocated from:
    #0 0x7f5c46720cb5 in malloc (/usr/lib/libasan.so.8+0x120cb5) (BuildId: 0b96d08695bbce2da9d4770c29ad2e72fb536f47)
    #1 0x7b5c3fd9542d  (/usr/lib/libgallium-26.0.1-arch1.1.so+0x59542d) (BuildId: a3dce0dd9c47a82c903c70183600f6fd1a705e41)
    #2 0x7b5c3fd9607e  (/usr/lib/libgallium-26.0.1-arch1.1.so+0x59607e) (BuildId: a3dce0dd9c47a82c903c70183600f6fd1a705e41)
    #3 0x7b5c3fd96184  (/usr/lib/libgallium-26.0.1-arch1.1.so+0x596184) (BuildId: a3dce0dd9c47a82c903c70183600f6fd1a705e41)
    #4 0x7b5c3fdf5362  (/usr/lib/libgallium-26.0.1-arch1.1.so+0x5f5362) (BuildId: a3dce0dd9c47a82c903c70183600f6fd1a705e41)
    #5 0x7b5c3fdf6a1a  (/usr/lib/libgallium-26.0.1-arch1.1.so+0x5f6a1a) (BuildId: a3dce0dd9c47a82c903c70183600f6fd1a705e41)
    #6 0x7b5c3fea79b7  (/usr/lib/libgallium-26.0.1-arch1.1.so+0x6a79b7) (BuildId: a3dce0dd9c47a82c903c70183600f6fd1a705e41)
    #7 0x7b5c3fea8798  (/usr/lib/libgallium-26.0.1-arch1.1.so+0x6a8798) (BuildId: a3dce0dd9c47a82c903c70183600f6fd1a705e41)
    #8 0x7b5c3fea8b19  (/usr/lib/libgallium-26.0.1-arch1.1.so+0x6a8b19) (BuildId: a3dce0dd9c47a82c903c70183600f6fd1a705e41)
    #9 0x7b5c3f97413c  (/usr/lib/libgallium-26.0.1-arch1.1.so+0x17413c) (BuildId: a3dce0dd9c47a82c903c70183600f6fd1a705e41)
    #10 0x7b5c3f97595e  (/usr/lib/libgallium-26.0.1-arch1.1.so+0x17595e) (BuildId: a3dce0dd9c47a82c903c70183600f6fd1a705e41)
    #11 0x7b5c3f976386  (/usr/lib/libgallium-26.0.1-arch1.1.so+0x176386) (BuildId: a3dce0dd9c47a82c903c70183600f6fd1a705e41)
    #12 0x7b5c3f9769e9  (/usr/lib/libgallium-26.0.1-arch1.1.so+0x1769e9) (BuildId: a3dce0dd9c47a82c903c70183600f6fd1a705e41)
    #13 0x7b5c3f977ef1  (/usr/lib/libgallium-26.0.1-arch1.1.so+0x177ef1) (BuildId: a3dce0dd9c47a82c903c70183600f6fd1a705e41)
    #14 0x7b5c3f9780ac  (/usr/lib/libgallium-26.0.1-arch1.1.so+0x1780ac) (BuildId: a3dce0dd9c47a82c903c70183600f6fd1a705e41)
    #15 0x7b5c3fbe43ae  (/usr/lib/libgallium-26.0.1-arch1.1.so+0x3e43ae) (BuildId: a3dce0dd9c47a82c903c70183600f6fd1a705e41)
    #16 0x7b5c3fb9c8e2  (/usr/lib/libgallium-26.0.1-arch1.1.so+0x39c8e2) (BuildId: a3dce0dd9c47a82c903c70183600f6fd1a705e41)
    #17 0x55a7a3fc8b17 in c_gles_init ../render/egl.c:424
    #18 0x55a7a3fc9cf3 in c_egl_init ../render/egl.c:588
    #19 0x55a7a3fcdf07 in c_render_init ../render/render.c:409
    #20 0x55a7a3f9b2a5 in main ../cuts.c:369
    #21 0x7f5c464366c0  (/usr/lib/libc.so.6+0x276c0) (BuildId: 7a8d41a2df4fde040b4c6ac2832311ab645a1e41)
    #22 0x7f5c464367f8 in __libc_start_main (/usr/lib/libc.so.6+0x277f8) (BuildId: 7a8d41a2df4fde040b4c6ac2832311ab645a1e41)
    #23 0x55a7a3f97d24 in _start (/home/user/cuts/build/main+0xcd24) (BuildId: 0b5c5505666bcb4c65222e617342ab07e5e82408)

Indirect leak of 32752 byte(s) in 1 object(s) allocated from:
    #0 0x7f5c46720cb5 in malloc (/usr/lib/libasan.so.8+0x120cb5) (BuildId: 0b96d08695bbce2da9d4770c29ad2e72fb536f47)
    #1 0x7b5c3fd9542d  (/usr/lib/libgallium-26.0.1-arch1.1.so+0x59542d) (BuildId: a3dce0dd9c47a82c903c70183600f6fd1a705e41)
    #2 0x7b5c3fd9607e  (/usr/lib/libgallium-26.0.1-arch1.1.so+0x59607e) (BuildId: a3dce0dd9c47a82c903c70183600f6fd1a705e41)
    #3 0x7b5c3fd96184  (/usr/lib/libgallium-26.0.1-arch1.1.so+0x596184) (BuildId: a3dce0dd9c47a82c903c70183600f6fd1a705e41)
    #4 0x7b5c3fdf5362  (/usr/lib/libgallium-26.0.1-arch1.1.so+0x5f5362) (BuildId: a3dce0dd9c47a82c903c70183600f6fd1a705e41)
    #5 0x7b5c3fdf6ada  (/usr/lib/libgallium-26.0.1-arch1.1.so+0x5f6ada) (BuildId: a3dce0dd9c47a82c903c70183600f6fd1a705e41)
    #6 0x7b5c3fea7a6d  (/usr/lib/libgallium-26.0.1-arch1.1.so+0x6a7a6d) (BuildId: a3dce0dd9c47a82c903c70183600f6fd1a705e41)
    #7 0x7b5c3fea8798  (/usr/lib/libgallium-26.0.1-arch1.1.so+0x6a8798) (BuildId: a3dce0dd9c47a82c903c70183600f6fd1a705e41)
    #8 0x7b5c3fea8b19  (/usr/lib/libgallium-26.0.1-arch1.1.so+0x6a8b19) (BuildId: a3dce0dd9c47a82c903c70183600f6fd1a705e41)
    #9 0x7b5c3f97413c  (/usr/lib/libgallium-26.0.1-arch1.1.so+0x17413c) (BuildId: a3dce0dd9c47a82c903c70183600f6fd1a705e41)
    #10 0x7b5c3f97595e  (/usr/lib/libgallium-26.0.1-arch1.1.so+0x17595e) (BuildId: a3dce0dd9c47a82c903c70183600f6fd1a705e41)
    #11 0x7b5c3f976386  (/usr/lib/libgallium-26.0.1-arch1.1.so+0x176386) (BuildId: a3dce0dd9c47a82c903c70183600f6fd1a705e41)
    #12 0x7b5c3f9769e9  (/usr/lib/libgallium-26.0.1-arch1.1.so+0x1769e9) (BuildId: a3dce0dd9c47a82c903c70183600f6fd1a705e41)
    #13 0x7b5c3f977ef1  (/usr/lib/libgallium-26.0.1-arch1.1.so+0x177ef1) (BuildId: a3dce0dd9c47a82c903c70183600f6fd1a705e41)
    #14 0x7b5c3f9780ac  (/usr/lib/libgallium-26.0.1-arch1.1.so+0x1780ac) (BuildId: a3dce0dd9c47a82c903c70183600f6fd1a705e41)
    #15 0x7b5c3fbe43ae  (/usr/lib/libgallium-26.0.1-arch1.1.so+0x3e43ae) (BuildId: a3dce0dd9c47a82c903c70183600f6fd1a705e41)
    #16 0x7b5c3fb9c8e2  (/usr/lib/libgallium-26.0.1-arch1.1.so+0x39c8e2) (BuildId: a3dce0dd9c47a82c903c70183600f6fd1a705e41)
    #17 0x55a7a3fc8b17 in c_gles_init ../render/egl.c:424
    #18 0x55a7a3fc9cf3 in c_egl_init ../render/egl.c:588
    #19 0x55a7a3fcdf07 in c_render_init ../render/render.c:409
    #20 0x55a7a3f9b2a5 in main ../cuts.c:369
    #21 0x7f5c464366c0  (/usr/lib/libc.so.6+0x276c0) (BuildId: 7a8d41a2df4fde040b4c6ac2832311ab645a1e41)
    #22 0x7f5c464367f8 in __libc_start_main (/usr/lib/libc.so.6+0x277f8) (BuildId: 7a8d41a2df4fde040b4c6ac2832311ab645a1e41)
    #23 0x55a7a3f97d24 in _start (/home/user/cuts/build/main+0xcd24) (BuildId: 0b5c5505666bcb4c65222e617342ab07e5e82408)

Indirect leak of 32656 byte(s) in 1 object(s) allocated from:
    #0 0x7f5c46720cb5 in malloc (/usr/lib/libasan.so.8+0x120cb5) (BuildId: 0b96d08695bbce2da9d4770c29ad2e72fb536f47)
    #1 0x7b5c3fd9542d  (/usr/lib/libgallium-26.0.1-arch1.1.so+0x59542d) (BuildId: a3dce0dd9c47a82c903c70183600f6fd1a705e41)
    #2 0x7b5c3fd9607e  (/usr/lib/libgallium-26.0.1-arch1.1.so+0x59607e) (BuildId: a3dce0dd9c47a82c903c70183600f6fd1a705e41)
    #3 0x7b5c3fd96184  (/usr/lib/libgallium-26.0.1-arch1.1.so+0x596184) (BuildId: a3dce0dd9c47a82c903c70183600f6fd1a705e41)
    #4 0x7b5c3fdf5362  (/usr/lib/libgallium-26.0.1-arch1.1.so+0x5f5362) (BuildId: a3dce0dd9c47a82c903c70183600f6fd1a705e41)
    #5 0x7b5c3fdf6878  (/usr/lib/libgallium-26.0.1-arch1.1.so+0x5f6878) (BuildId: a3dce0dd9c47a82c903c70183600f6fd1a705e41)
    #6 0x7b5c3fdfebb1  (/usr/lib/libgallium-26.0.1-arch1.1.so+0x5febb1) (BuildId: a3dce0dd9c47a82c903c70183600f6fd1a705e41)
    #7 0x7b5c3feadae8  (/usr/lib/libgallium-26.0.1-arch1.1.so+0x6adae8) (BuildId: a3dce0dd9c47a82c903c70183600f6fd1a705e41)
    #8 0x7b5c3f975fa4  (/usr/lib/libgallium-26.0.1-arch1.1.so+0x175fa4) (BuildId: a3dce0dd9c47a82c903c70183600f6fd1a705e41)
    #9 0x7b5c3f976386  (/usr/lib/libgallium-26.0.1-arch1.1.so+0x176386) (BuildId: a3dce0dd9c47a82c903c70183600f6fd1a705e41)
    #10 0x7b5c3f9769e9  (/usr/lib/libgallium-26.0.1-arch1.1.so+0x1769e9) (BuildId: a3dce0dd9c47a82c903c70183600f6fd1a705e41)
    #11 0x7b5c3f977ef1  (/usr/lib/libgallium-26.0.1-arch1.1.so+0x177ef1) (BuildId: a3dce0dd9c47a82c903c70183600f6fd1a705e41)
    #12 0x7b5c3f9780ac  (/usr/lib/libgallium-26.0.1-arch1.1.so+0x1780ac) (BuildId: a3dce0dd9c47a82c903c70183600f6fd1a705e41)
    #13 0x7b5c3fbe43ae  (/usr/lib/libgallium-26.0.1-arch1.1.so+0x3e43ae) (BuildId: a3dce0dd9c47a82c903c70183600f6fd1a705e41)
    #14 0x7b5c3fb9c8e2  (/usr/lib/libgallium-26.0.1-arch1.1.so+0x39c8e2) (BuildId: a3dce0dd9c47a82c903c70183600f6fd1a705e41)
    #15 0x55a7a3fc8b17 in c_gles_init ../render/egl.c:424
    #16 0x55a7a3fc9cf3 in c_egl_init ../render/egl.c:588
    #17 0x55a7a3fcdf07 in c_render_init ../render/render.c:409
    #18 0x55a7a3f9b2a5 in main ../cuts.c:369
    #19 0x7f5c464366c0  (/usr/lib/libc.so.6+0x276c0) (BuildId: 7a8d41a2df4fde040b4c6ac2832311ab645a1e41)
    #20 0x7f5c464367f8 in __libc_start_main (/usr/lib/libc.so.6+0x277f8) (BuildId: 7a8d41a2df4fde040b4c6ac2832311ab645a1e41)
    #21 0x55a7a3f97d24 in _start (/home/user/cuts/build/main+0xcd24) (BuildId: 0b5c5505666bcb4c65222e617342ab07e5e82408)

Indirect leak of 1008 byte(s) in 1 object(s) allocated from:
    #0 0x7f5c46720cb5 in malloc (/usr/lib/libasan.so.8+0x120cb5) (BuildId: 0b96d08695bbce2da9d4770c29ad2e72fb536f47)
    #1 0x7b5c3fd9542d  (/usr/lib/libgallium-26.0.1-arch1.1.so+0x59542d) (BuildId: a3dce0dd9c47a82c903c70183600f6fd1a705e41)
    #2 0x7b5c3fd95494  (/usr/lib/libgallium-26.0.1-arch1.1.so+0x595494) (BuildId: a3dce0dd9c47a82c903c70183600f6fd1a705e41)
    #3 0x7b5c3fdf6517  (/usr/lib/libgallium-26.0.1-arch1.1.so+0x5f6517) (BuildId: a3dce0dd9c47a82c903c70183600f6fd1a705e41)
    #4 0x7b5c3fdf664b  (/usr/lib/libgallium-26.0.1-arch1.1.so+0x5f664b) (BuildId: a3dce0dd9c47a82c903c70183600f6fd1a705e41)
    #5 0x7b5c3fea86fc  (/usr/lib/libgallium-26.0.1-arch1.1.so+0x6a86fc) (BuildId: a3dce0dd9c47a82c903c70183600f6fd1a705e41)
    #6 0x7b5c3fea8b19  (/usr/lib/libgallium-26.0.1-arch1.1.so+0x6a8b19) (BuildId: a3dce0dd9c47a82c903c70183600f6fd1a705e41)
    #7 0x7b5c3f97413c  (/usr/lib/libgallium-26.0.1-arch1.1.so+0x17413c) (BuildId: a3dce0dd9c47a82c903c70183600f6fd1a705e41)
    #8 0x7b5c3f97595e  (/usr/lib/libgallium-26.0.1-arch1.1.so+0x17595e) (BuildId: a3dce0dd9c47a82c903c70183600f6fd1a705e41)
    #9 0x7b5c3f976386  (/usr/lib/libgallium-26.0.1-arch1.1.so+0x176386) (BuildId: a3dce0dd9c47a82c903c70183600f6fd1a705e41)
    #10 0x7b5c3f9769e9  (/usr/lib/libgallium-26.0.1-arch1.1.so+0x1769e9) (BuildId: a3dce0dd9c47a82c903c70183600f6fd1a705e41)
    #11 0x7b5c3f977ef1  (/usr/lib/libgallium-26.0.1-arch1.1.so+0x177ef1) (BuildId: a3dce0dd9c47a82c903c70183600f6fd1a705e41)
    #12 0x7b5c3f9780ac  (/usr/lib/libgallium-26.0.1-arch1.1.so+0x1780ac) (BuildId: a3dce0dd9c47a82c903c70183600f6fd1a705e41)
    #13 0x7b5c3fbe43ae  (/usr/lib/libgallium-26.0.1-arch1.1.so+0x3e43ae) (BuildId: a3dce0dd9c47a82c903c70183600f6fd1a705e41)
    #14 0x7b5c3fb9c8e2  (/usr/lib/libgallium-26.0.1-arch1.1.so+0x39c8e2) (BuildId: a3dce0dd9c47a82c903c70183600f6fd1a705e41)
    #15 0x55a7a3fc8b17 in c_gles_init ../render/egl.c:424
    #16 0x55a7a3fc9cf3 in c_egl_init ../render/egl.c:588
    #17 0x55a7a3fcdf07 in c_render_init ../render/render.c:409
    #18 0x55a7a3f9b2a5 in main ../cuts.c:369
    #19 0x7f5c464366c0  (/usr/lib/libc.so.6+0x276c0) (BuildId: 7a8d41a2df4fde040b4c6ac2832311ab645a1e41)
    #20 0x7f5c464367f8 in __libc_start_main (/usr/lib/libc.so.6+0x277f8) (BuildId: 7a8d41a2df4fde040b4c6ac2832311ab645a1e41)
    #21 0x55a7a3f97d24 in _start (/home/user/cuts/build/main+0xcd24) (BuildId: 0b5c5505666bcb4c65222e617342ab07e5e82408)

Indirect leak of 1008 byte(s) in 1 object(s) allocated from:
    #0 0x7f5c46720cb5 in malloc (/usr/lib/libasan.so.8+0x120cb5) (BuildId: 0b96d08695bbce2da9d4770c29ad2e72fb536f47)
    #1 0x7b5c3fd9542d  (/usr/lib/libgallium-26.0.1-arch1.1.so+0x59542d) (BuildId: a3dce0dd9c47a82c903c70183600f6fd1a705e41)
    #2 0x7b5c3fd95494  (/usr/lib/libgallium-26.0.1-arch1.1.so+0x595494) (BuildId: a3dce0dd9c47a82c903c70183600f6fd1a705e41)
    #3 0x7b5c3fdf6517  (/usr/lib/libgallium-26.0.1-arch1.1.so+0x5f6517) (BuildId: a3dce0dd9c47a82c903c70183600f6fd1a705e41)
    #4 0x7b5c3fdf6640  (/usr/lib/libgallium-26.0.1-arch1.1.so+0x5f6640) (BuildId: a3dce0dd9c47a82c903c70183600f6fd1a705e41)
    #5 0x7b5c3fea86fc  (/usr/lib/libgallium-26.0.1-arch1.1.so+0x6a86fc) (BuildId: a3dce0dd9c47a82c903c70183600f6fd1a705e41)
    #6 0x7b5c3fea8b19  (/usr/lib/libgallium-26.0.1-arch1.1.so+0x6a8b19) (BuildId: a3dce0dd9c47a82c903c70183600f6fd1a705e41)
    #7 0x7b5c3f97413c  (/usr/lib/libgallium-26.0.1-arch1.1.so+0x17413c) (BuildId: a3dce0dd9c47a82c903c70183600f6fd1a705e41)
    #8 0x7b5c3f97595e  (/usr/lib/libgallium-26.0.1-arch1.1.so+0x17595e) (BuildId: a3dce0dd9c47a82c903c70183600f6fd1a705e41)
    #9 0x7b5c3f976386  (/usr/lib/libgallium-26.0.1-arch1.1.so+0x176386) (BuildId: a3dce0dd9c47a82c903c70183600f6fd1a705e41)
    #10 0x7b5c3f9769e9  (/usr/lib/libgallium-26.0.1-arch1.1.so+0x1769e9) (BuildId: a3dce0dd9c47a82c903c70183600f6fd1a705e41)
    #11 0x7b5c3f977ef1  (/usr/lib/libgallium-26.0.1-arch1.1.so+0x177ef1) (BuildId: a3dce0dd9c47a82c903c70183600f6fd1a705e41)
    #12 0x7b5c3f9780ac  (/usr/lib/libgallium-26.0.1-arch1.1.so+0x1780ac) (BuildId: a3dce0dd9c47a82c903c70183600f6fd1a705e41)
    #13 0x7b5c3fbe43ae  (/usr/lib/libgallium-26.0.1-arch1.1.so+0x3e43ae) (BuildId: a3dce0dd9c47a82c903c70183600f6fd1a705e41)
    #14 0x7b5c3fb9c8e2  (/usr/lib/libgallium-26.0.1-arch1.1.so+0x39c8e2) (BuildId: a3dce0dd9c47a82c903c70183600f6fd1a705e41)
    #15 0x55a7a3fc8b17 in c_gles_init ../render/egl.c:424
    #16 0x55a7a3fc9cf3 in c_egl_init ../render/egl.c:588
    #17 0x55a7a3fcdf07 in c_render_init ../render/render.c:409
    #18 0x55a7a3f9b2a5 in main ../cuts.c:369
    #19 0x7f5c464366c0  (/usr/lib/libc.so.6+0x276c0) (BuildId: 7a8d41a2df4fde040b4c6ac2832311ab645a1e41)
    #20 0x7f5c464367f8 in __libc_start_main (/usr/lib/libc.so.6+0x277f8) (BuildId: 7a8d41a2df4fde040b4c6ac2832311ab645a1e41)
    #21 0x55a7a3f97d24 in _start (/home/user/cuts/build/main+0xcd24) (BuildId: 0b5c5505666bcb4c65222e617342ab07e5e82408)

Indirect leak of 1008 byte(s) in 1 object(s) allocated from:
    #0 0x7f5c46720cb5 in malloc (/usr/lib/libasan.so.8+0x120cb5) (BuildId: 0b96d08695bbce2da9d4770c29ad2e72fb536f47)
    #1 0x7b5c3fd9542d  (/usr/lib/libgallium-26.0.1-arch1.1.so+0x59542d) (BuildId: a3dce0dd9c47a82c903c70183600f6fd1a705e41)
    #2 0x7b5c3fd95494  (/usr/lib/libgallium-26.0.1-arch1.1.so+0x595494) (BuildId: a3dce0dd9c47a82c903c70183600f6fd1a705e41)
    #3 0x7b5c3fdf6517  (/usr/lib/libgallium-26.0.1-arch1.1.so+0x5f6517) (BuildId: a3dce0dd9c47a82c903c70183600f6fd1a705e41)
    #4 0x7b5c3fdf664b  (/usr/lib/libgallium-26.0.1-arch1.1.so+0x5f664b) (BuildId: a3dce0dd9c47a82c903c70183600f6fd1a705e41)
    #5 0x7b5c3fea86fc  (/usr/lib/libgallium-26.0.1-arch1.1.so+0x6a86fc) (BuildId: a3dce0dd9c47a82c903c70183600f6fd1a705e41)
    #6 0x7b5c3fea8b19  (/usr/lib/libgallium-26.0.1-arch1.1.so+0x6a8b19) (BuildId: a3dce0dd9c47a82c903c70183600f6fd1a705e41)
    #7 0x7b5c3f97413c  (/usr/lib/libgallium-26.0.1-arch1.1.so+0x17413c) (BuildId: a3dce0dd9c47a82c903c70183600f6fd1a705e41)
    #8 0x7b5c3f974fe3  (/usr/lib/libgallium-26.0.1-arch1.1.so+0x174fe3) (BuildId: a3dce0dd9c47a82c903c70183600f6fd1a705e41)
    #9 0x7b5c3f976168  (/usr/lib/libgallium-26.0.1-arch1.1.so+0x176168) (BuildId: a3dce0dd9c47a82c903c70183600f6fd1a705e41)
    #10 0x7b5c3f9768bd  (/usr/lib/libgallium-26.0.1-arch1.1.so+0x1768bd) (BuildId: a3dce0dd9c47a82c903c70183600f6fd1a705e41)
    #11 0x7b5c3f977ef1  (/usr/lib/libgallium-26.0.1-arch1.1.so+0x177ef1) (BuildId: a3dce0dd9c47a82c903c70183600f6fd1a705e41)
    #12 0x7b5c3f9780ac  (/usr/lib/libgallium-26.0.1-arch1.1.so+0x1780ac) (BuildId: a3dce0dd9c47a82c903c70183600f6fd1a705e41)
    #13 0x7b5c3fbe43ae  (/usr/lib/libgallium-26.0.1-arch1.1.so+0x3e43ae) (BuildId: a3dce0dd9c47a82c903c70183600f6fd1a705e41)
    #14 0x7b5c3fb9c8e2  (/usr/lib/libgallium-26.0.1-arch1.1.so+0x39c8e2) (BuildId: a3dce0dd9c47a82c903c70183600f6fd1a705e41)
    #15 0x55a7a3fc8b17 in c_gles_init ../render/egl.c:424
    #16 0x55a7a3fc9cf3 in c_egl_init ../render/egl.c:588
    #17 0x55a7a3fcdf07 in c_render_init ../render/render.c:409
    #18 0x55a7a3f9b2a5 in main ../cuts.c:369
    #19 0x7f5c464366c0  (/usr/lib/libc.so.6+0x276c0) (BuildId: 7a8d41a2df4fde040b4c6ac2832311ab645a1e41)
    #20 0x7f5c464367f8 in __libc_start_main (/usr/lib/libc.so.6+0x277f8) (BuildId: 7a8d41a2df4fde040b4c6ac2832311ab645a1e41)
    #21 0x55a7a3f97d24 in _start (/home/user/cuts/build/main+0xcd24) (BuildId: 0b5c5505666bcb4c65222e617342ab07e5e82408)

Indirect leak of 1008 byte(s) in 1 object(s) allocated from:
    #0 0x7f5c46720cb5 in malloc (/usr/lib/libasan.so.8+0x120cb5) (BuildId: 0b96d08695bbce2da9d4770c29ad2e72fb536f47)
    #1 0x7b5c3fd9542d  (/usr/lib/libgallium-26.0.1-arch1.1.so+0x59542d) (BuildId: a3dce0dd9c47a82c903c70183600f6fd1a705e41)
    #2 0x7b5c3fd95494  (/usr/lib/libgallium-26.0.1-arch1.1.so+0x595494) (BuildId: a3dce0dd9c47a82c903c70183600f6fd1a705e41)
    #3 0x7b5c3fdf6517  (/usr/lib/libgallium-26.0.1-arch1.1.so+0x5f6517) (BuildId: a3dce0dd9c47a82c903c70183600f6fd1a705e41)
    #4 0x7b5c3fdf6640  (/usr/lib/libgallium-26.0.1-arch1.1.so+0x5f6640) (BuildId: a3dce0dd9c47a82c903c70183600f6fd1a705e41)
    #5 0x7b5c3fea86fc  (/usr/lib/libgallium-26.0.1-arch1.1.so+0x6a86fc) (BuildId: a3dce0dd9c47a82c903c70183600f6fd1a705e41)
    #6 0x7b5c3fea8b19  (/usr/lib/libgallium-26.0.1-arch1.1.so+0x6a8b19) (BuildId: a3dce0dd9c47a82c903c70183600f6fd1a705e41)
    #7 0x7b5c3f97413c  (/usr/lib/libgallium-26.0.1-arch1.1.so+0x17413c) (BuildId: a3dce0dd9c47a82c903c70183600f6fd1a705e41)
    #8 0x7b5c3f974fe3  (/usr/lib/libgallium-26.0.1-arch1.1.so+0x174fe3) (BuildId: a3dce0dd9c47a82c903c70183600f6fd1a705e41)
    #9 0x7b5c3f976168  (/usr/lib/libgallium-26.0.1-arch1.1.so+0x176168) (BuildId: a3dce0dd9c47a82c903c70183600f6fd1a705e41)
    #10 0x7b5c3f9768bd  (/usr/lib/libgallium-26.0.1-arch1.1.so+0x1768bd) (BuildId: a3dce0dd9c47a82c903c70183600f6fd1a705e41)
    #11 0x7b5c3f977ef1  (/usr/lib/libgallium-26.0.1-arch1.1.so+0x177ef1) (BuildId: a3dce0dd9c47a82c903c70183600f6fd1a705e41)
    #12 0x7b5c3f9780ac  (/usr/lib/libgallium-26.0.1-arch1.1.so+0x1780ac) (BuildId: a3dce0dd9c47a82c903c70183600f6fd1a705e41)
    #13 0x7b5c3fbe43ae  (/usr/lib/libgallium-26.0.1-arch1.1.so+0x3e43ae) (BuildId: a3dce0dd9c47a82c903c70183600f6fd1a705e41)
    #14 0x7b5c3fb9c8e2  (/usr/lib/libgallium-26.0.1-arch1.1.so+0x39c8e2) (BuildId: a3dce0dd9c47a82c903c70183600f6fd1a705e41)
    #15 0x55a7a3fc8b17 in c_gles_init ../render/egl.c:424
    #16 0x55a7a3fc9cf3 in c_egl_init ../render/egl.c:588
    #17 0x55a7a3fcdf07 in c_render_init ../render/render.c:409
    #18 0x55a7a3f9b2a5 in main ../cuts.c:369
    #19 0x7f5c464366c0  (/usr/lib/libc.so.6+0x276c0) (BuildId: 7a8d41a2df4fde040b4c6ac2832311ab645a1e41)
    #20 0x7f5c464367f8 in __libc_start_main (/usr/lib/libc.so.6+0x277f8) (BuildId: 7a8d41a2df4fde040b4c6ac2832311ab645a1e41)
    #21 0x55a7a3f97d24 in _start (/home/user/cuts/build/main+0xcd24) (BuildId: 0b5c5505666bcb4c65222e617342ab07e5e82408)

Indirect leak of 608 byte(s) in 1 object(s) allocated from:
    #0 0x7f5c46720cb5 in malloc (/usr/lib/libasan.so.8+0x120cb5) (BuildId: 0b96d08695bbce2da9d4770c29ad2e72fb536f47)
    #1 0x7b5c3fd9542d  (/usr/lib/libgallium-26.0.1-arch1.1.so+0x59542d) (BuildId: a3dce0dd9c47a82c903c70183600f6fd1a705e41)
    #2 0x7b5c3fd95494  (/usr/lib/libgallium-26.0.1-arch1.1.so+0x595494) (BuildId: a3dce0dd9c47a82c903c70183600f6fd1a705e41)
    #3 0x7b5c3fdf5601  (/usr/lib/libgallium-26.0.1-arch1.1.so+0x5f5601) (BuildId: a3dce0dd9c47a82c903c70183600f6fd1a705e41)
    #4 0x7b5c3fea894b  (/usr/lib/libgallium-26.0.1-arch1.1.so+0x6a894b) (BuildId: a3dce0dd9c47a82c903c70183600f6fd1a705e41)
    #5 0x7b5c3f97413c  (/usr/lib/libgallium-26.0.1-arch1.1.so+0x17413c) (BuildId: a3dce0dd9c47a82c903c70183600f6fd1a705e41)
    #6 0x7b5c3f97595e  (/usr/lib/libgallium-26.0.1-arch1.1.so+0x17595e) (BuildId: a3dce0dd9c47a82c903c70183600f6fd1a705e41)
    #7 0x7b5c3f976386  (/usr/lib/libgallium-26.0.1-arch1.1.so+0x176386) (BuildId: a3dce0dd9c47a82c903c70183600f6fd1a705e41)
    #8 0x7b5c3f9769e9  (/usr/lib/libgallium-26.0.1-arch1.1.so+0x1769e9) (BuildId: a3dce0dd9c47a82c903c70183600f6fd1a705e41)
    #9 0x7b5c3f977ef1  (/usr/lib/libgallium-26.0.1-arch1.1.so+0x177ef1) (BuildId: a3dce0dd9c47a82c903c70183600f6fd1a705e41)
    #10 0x7b5c3f9780ac  (/usr/lib/libgallium-26.0.1-arch1.1.so+0x1780ac) (BuildId: a3dce0dd9c47a82c903c70183600f6fd1a705e41)
    #11 0x7b5c3fbe43ae  (/usr/lib/libgallium-26.0.1-arch1.1.so+0x3e43ae) (BuildId: a3dce0dd9c47a82c903c70183600f6fd1a705e41)
    #12 0x7b5c3fb9c8e2  (/usr/lib/libgallium-26.0.1-arch1.1.so+0x39c8e2) (BuildId: a3dce0dd9c47a82c903c70183600f6fd1a705e41)
    #13 0x55a7a3fc8b17 in c_gles_init ../render/egl.c:424
    #14 0x55a7a3fc9cf3 in c_egl_init ../render/egl.c:588
    #15 0x55a7a3fcdf07 in c_render_init ../render/render.c:409
    #16 0x55a7a3f9b2a5 in main ../cuts.c:369
    #17 0x7f5c464366c0  (/usr/lib/libc.so.6+0x276c0) (BuildId: 7a8d41a2df4fde040b4c6ac2832311ab645a1e41)
    #18 0x7f5c464367f8 in __libc_start_main (/usr/lib/libc.so.6+0x277f8) (BuildId: 7a8d41a2df4fde040b4c6ac2832311ab645a1e41)
    #19 0x55a7a3f97d24 in _start (/home/user/cuts/build/main+0xcd24) (BuildId: 0b5c5505666bcb4c65222e617342ab07e5e82408)

Indirect leak of 608 byte(s) in 1 object(s) allocated from:
    #0 0x7f5c46720cb5 in malloc (/usr/lib/libasan.so.8+0x120cb5) (BuildId: 0b96d08695bbce2da9d4770c29ad2e72fb536f47)
    #1 0x7b5c3fd9542d  (/usr/lib/libgallium-26.0.1-arch1.1.so+0x59542d) (BuildId: a3dce0dd9c47a82c903c70183600f6fd1a705e41)
    #2 0x7b5c3fd95494  (/usr/lib/libgallium-26.0.1-arch1.1.so+0x595494) (BuildId: a3dce0dd9c47a82c903c70183600f6fd1a705e41)
    #3 0x7b5c3fdf5601  (/usr/lib/libgallium-26.0.1-arch1.1.so+0x5f5601) (BuildId: a3dce0dd9c47a82c903c70183600f6fd1a705e41)
    #4 0x7b5c3fea894b  (/usr/lib/libgallium-26.0.1-arch1.1.so+0x6a894b) (BuildId: a3dce0dd9c47a82c903c70183600f6fd1a705e41)
    #5 0x7b5c3f97413c  (/usr/lib/libgallium-26.0.1-arch1.1.so+0x17413c) (BuildId: a3dce0dd9c47a82c903c70183600f6fd1a705e41)
    #6 0x7b5c3f974fe3  (/usr/lib/libgallium-26.0.1-arch1.1.so+0x174fe3) (BuildId: a3dce0dd9c47a82c903c70183600f6fd1a705e41)
    #7 0x7b5c3f976168  (/usr/lib/libgallium-26.0.1-arch1.1.so+0x176168) (BuildId: a3dce0dd9c47a82c903c70183600f6fd1a705e41)
    #8 0x7b5c3f9768bd  (/usr/lib/libgallium-26.0.1-arch1.1.so+0x1768bd) (BuildId: a3dce0dd9c47a82c903c70183600f6fd1a705e41)
    #9 0x7b5c3f977ef1  (/usr/lib/libgallium-26.0.1-arch1.1.so+0x177ef1) (BuildId: a3dce0dd9c47a82c903c70183600f6fd1a705e41)
    #10 0x7b5c3f9780ac  (/usr/lib/libgallium-26.0.1-arch1.1.so+0x1780ac) (BuildId: a3dce0dd9c47a82c903c70183600f6fd1a705e41)
    #11 0x7b5c3fbe43ae  (/usr/lib/libgallium-26.0.1-arch1.1.so+0x3e43ae) (BuildId: a3dce0dd9c47a82c903c70183600f6fd1a705e41)
    #12 0x7b5c3fb9c8e2  (/usr/lib/libgallium-26.0.1-arch1.1.so+0x39c8e2) (BuildId: a3dce0dd9c47a82c903c70183600f6fd1a705e41)
    #13 0x55a7a3fc8b17 in c_gles_init ../render/egl.c:424
    #14 0x55a7a3fc9cf3 in c_egl_init ../render/egl.c:588
    #15 0x55a7a3fcdf07 in c_render_init ../render/render.c:409
    #16 0x55a7a3f9b2a5 in main ../cuts.c:369
    #17 0x7f5c464366c0  (/usr/lib/libc.so.6+0x276c0) (BuildId: 7a8d41a2df4fde040b4c6ac2832311ab645a1e41)
    #18 0x7f5c464367f8 in __libc_start_main (/usr/lib/libc.so.6+0x277f8) (BuildId: 7a8d41a2df4fde040b4c6ac2832311ab645a1e41)
    #19 0x55a7a3f97d24 in _start (/home/user/cuts/build/main+0xcd24) (BuildId: 0b5c5505666bcb4c65222e617342ab07e5e82408)

Indirect leak of 576 byte(s) in 1 object(s) allocated from:
    #0 0x7f5c46720cb5 in malloc (/usr/lib/libasan.so.8+0x120cb5) (BuildId: 0b96d08695bbce2da9d4770c29ad2e72fb536f47)
    #1 0x7b5c3fd9542d  (/usr/lib/libgallium-26.0.1-arch1.1.so+0x59542d) (BuildId: a3dce0dd9c47a82c903c70183600f6fd1a705e41)
    #2 0x7b5c3fd95ed1  (/usr/lib/libgallium-26.0.1-arch1.1.so+0x595ed1) (BuildId: a3dce0dd9c47a82c903c70183600f6fd1a705e41)
    #3 0x7b5c3fdf560d  (/usr/lib/libgallium-26.0.1-arch1.1.so+0x5f560d) (BuildId: a3dce0dd9c47a82c903c70183600f6fd1a705e41)
    #4 0x7b5c3fea894b  (/usr/lib/libgallium-26.0.1-arch1.1.so+0x6a894b) (BuildId: a3dce0dd9c47a82c903c70183600f6fd1a705e41)
    #5 0x7b5c3f97413c  (/usr/lib/libgallium-26.0.1-arch1.1.so+0x17413c) (BuildId: a3dce0dd9c47a82c903c70183600f6fd1a705e41)
    #6 0x7b5c3f97595e  (/usr/lib/libgallium-26.0.1-arch1.1.so+0x17595e) (BuildId: a3dce0dd9c47a82c903c70183600f6fd1a705e41)
    #7 0x7b5c3f976386  (/usr/lib/libgallium-26.0.1-arch1.1.so+0x176386) (BuildId: a3dce0dd9c47a82c903c70183600f6fd1a705e41)
    #8 0x7b5c3f9769e9  (/usr/lib/libgallium-26.0.1-arch1.1.so+0x1769e9) (BuildId: a3dce0dd9c47a82c903c70183600f6fd1a705e41)
    #9 0x7b5c3f977ef1  (/usr/lib/libgallium-26.0.1-arch1.1.so+0x177ef1) (BuildId: a3dce0dd9c47a82c903c70183600f6fd1a705e41)
    #10 0x7b5c3f9780ac  (/usr/lib/libgallium-26.0.1-arch1.1.so+0x1780ac) (BuildId: a3dce0dd9c47a82c903c70183600f6fd1a705e41)
    #11 0x7b5c3fbe43ae  (/usr/lib/libgallium-26.0.1-arch1.1.so+0x3e43ae) (BuildId: a3dce0dd9c47a82c903c70183600f6fd1a705e41)
    #12 0x7b5c3fb9c8e2  (/usr/lib/libgallium-26.0.1-arch1.1.so+0x39c8e2) (BuildId: a3dce0dd9c47a82c903c70183600f6fd1a705e41)
    #13 0x55a7a3fc8b17 in c_gles_init ../render/egl.c:424
    #14 0x55a7a3fc9cf3 in c_egl_init ../render/egl.c:588
    #15 0x55a7a3fcdf07 in c_render_init ../render/render.c:409
    #16 0x55a7a3f9b2a5 in main ../cuts.c:369
    #17 0x7f5c464366c0  (/usr/lib/libc.so.6+0x276c0) (BuildId: 7a8d41a2df4fde040b4c6ac2832311ab645a1e41)
    #18 0x7f5c464367f8 in __libc_start_main (/usr/lib/libc.so.6+0x277f8) (BuildId: 7a8d41a2df4fde040b4c6ac2832311ab645a1e41)
    #19 0x55a7a3f97d24 in _start (/home/user/cuts/build/main+0xcd24) (BuildId: 0b5c5505666bcb4c65222e617342ab07e5e82408)

Indirect leak of 576 byte(s) in 1 object(s) allocated from:
    #0 0x7f5c46720cb5 in malloc (/usr/lib/libasan.so.8+0x120cb5) (BuildId: 0b96d08695bbce2da9d4770c29ad2e72fb536f47)
    #1 0x7b5c3fd9542d  (/usr/lib/libgallium-26.0.1-arch1.1.so+0x59542d) (BuildId: a3dce0dd9c47a82c903c70183600f6fd1a705e41)
    #2 0x7b5c3fd95ed1  (/usr/lib/libgallium-26.0.1-arch1.1.so+0x595ed1) (BuildId: a3dce0dd9c47a82c903c70183600f6fd1a705e41)
    #3 0x7b5c3fdf560d  (/usr/lib/libgallium-26.0.1-arch1.1.so+0x5f560d) (BuildId: a3dce0dd9c47a82c903c70183600f6fd1a705e41)
    #4 0x7b5c3fea894b  (/usr/lib/libgallium-26.0.1-arch1.1.so+0x6a894b) (BuildId: a3dce0dd9c47a82c903c70183600f6fd1a705e41)
    #5 0x7b5c3f97413c  (/usr/lib/libgallium-26.0.1-arch1.1.so+0x17413c) (BuildId: a3dce0dd9c47a82c903c70183600f6fd1a705e41)
    #6 0x7b5c3f974fe3  (/usr/lib/libgallium-26.0.1-arch1.1.so+0x174fe3) (BuildId: a3dce0dd9c47a82c903c70183600f6fd1a705e41)
    #7 0x7b5c3f976168  (/usr/lib/libgallium-26.0.1-arch1.1.so+0x176168) (BuildId: a3dce0dd9c47a82c903c70183600f6fd1a705e41)
    #8 0x7b5c3f9768bd  (/usr/lib/libgallium-26.0.1-arch1.1.so+0x1768bd) (BuildId: a3dce0dd9c47a82c903c70183600f6fd1a705e41)
    #9 0x7b5c3f977ef1  (/usr/lib/libgallium-26.0.1-arch1.1.so+0x177ef1) (BuildId: a3dce0dd9c47a82c903c70183600f6fd1a705e41)
    #10 0x7b5c3f9780ac  (/usr/lib/libgallium-26.0.1-arch1.1.so+0x1780ac) (BuildId: a3dce0dd9c47a82c903c70183600f6fd1a705e41)
    #11 0x7b5c3fbe43ae  (/usr/lib/libgallium-26.0.1-arch1.1.so+0x3e43ae) (BuildId: a3dce0dd9c47a82c903c70183600f6fd1a705e41)
    #12 0x7b5c3fb9c8e2  (/usr/lib/libgallium-26.0.1-arch1.1.so+0x39c8e2) (BuildId: a3dce0dd9c47a82c903c70183600f6fd1a705e41)
    #13 0x55a7a3fc8b17 in c_gles_init ../render/egl.c:424
    #14 0x55a7a3fc9cf3 in c_egl_init ../render/egl.c:588
    #15 0x55a7a3fcdf07 in c_render_init ../render/render.c:409
    #16 0x55a7a3f9b2a5 in main ../cuts.c:369
    #17 0x7f5c464366c0  (/usr/lib/libc.so.6+0x276c0) (BuildId: 7a8d41a2df4fde040b4c6ac2832311ab645a1e41)
    #18 0x7f5c464367f8 in __libc_start_main (/usr/lib/libc.so.6+0x277f8) (BuildId: 7a8d41a2df4fde040b4c6ac2832311ab645a1e41)
    #19 0x55a7a3f97d24 in _start (/home/user/cuts/build/main+0xcd24) (BuildId: 0b5c5505666bcb4c65222e617342ab07e5e82408)

Indirect leak of 320 byte(s) in 4 object(s) allocated from:
    #0 0x7f5c46720cb5 in malloc (/usr/lib/libasan.so.8+0x120cb5) (BuildId: 0b96d08695bbce2da9d4770c29ad2e72fb536f47)
    #1 0x7b5c3fd9542d  (/usr/lib/libgallium-26.0.1-arch1.1.so+0x59542d) (BuildId: a3dce0dd9c47a82c903c70183600f6fd1a705e41)
    #2 0x7b5c3fd959d2  (/usr/lib/libgallium-26.0.1-arch1.1.so+0x5959d2) (BuildId: a3dce0dd9c47a82c903c70183600f6fd1a705e41)
    #3 0x7b5c3fdf5814  (/usr/lib/libgallium-26.0.1-arch1.1.so+0x5f5814) (BuildId: a3dce0dd9c47a82c903c70183600f6fd1a705e41)
    #4 0x7b5c3fdf5cd4  (/usr/lib/libgallium-26.0.1-arch1.1.so+0x5f5cd4) (BuildId: a3dce0dd9c47a82c903c70183600f6fd1a705e41)
    #5 0x7b5c3feac59f  (/usr/lib/libgallium-26.0.1-arch1.1.so+0x6ac59f) (BuildId: a3dce0dd9c47a82c903c70183600f6fd1a705e41)
    #6 0x7b5c3f97564d  (/usr/lib/libgallium-26.0.1-arch1.1.so+0x17564d) (BuildId: a3dce0dd9c47a82c903c70183600f6fd1a705e41)
    #7 0x7b5c3f976168  (/usr/lib/libgallium-26.0.1-arch1.1.so+0x176168) (BuildId: a3dce0dd9c47a82c903c70183600f6fd1a705e41)
    #8 0x7b5c3f9768bd  (/usr/lib/libgallium-26.0.1-arch1.1.so+0x1768bd) (BuildId: a3dce0dd9c47a82c903c70183600f6fd1a705e41)
    #9 0x7b5c3f977ef1  (/usr/lib/libgallium-26.0.1-arch1.1.so+0x177ef1) (BuildId: a3dce0dd9c47a82c903c70183600f6fd1a705e41)
    #10 0x7b5c3f9780ac  (/usr/lib/libgallium-26.0.1-arch1.1.so+0x1780ac) (BuildId: a3dce0dd9c47a82c903c70183600f6fd1a705e41)
    #11 0x7b5c3fbe43ae  (/usr/lib/libgallium-26.0.1-arch1.1.so+0x3e43ae) (BuildId: a3dce0dd9c47a82c903c70183600f6fd1a705e41)
    #12 0x7b5c3fb9c8e2  (/usr/lib/libgallium-26.0.1-arch1.1.so+0x39c8e2) (BuildId: a3dce0dd9c47a82c903c70183600f6fd1a705e41)
    #13 0x55a7a3fc8b17 in c_gles_init ../render/egl.c:424
    #14 0x55a7a3fc9cf3 in c_egl_init ../render/egl.c:588
    #15 0x55a7a3fcdf07 in c_render_init ../render/render.c:409
    #16 0x55a7a3f9b2a5 in main ../cuts.c:369
    #17 0x7f5c464366c0  (/usr/lib/libc.so.6+0x276c0) (BuildId: 7a8d41a2df4fde040b4c6ac2832311ab645a1e41)
    #18 0x7f5c464367f8 in __libc_start_main (/usr/lib/libc.so.6+0x277f8) (BuildId: 7a8d41a2df4fde040b4c6ac2832311ab645a1e41)
    #19 0x55a7a3f97d24 in _start (/home/user/cuts/build/main+0xcd24) (BuildId: 0b5c5505666bcb4c65222e617342ab07e5e82408)

Indirect leak of 224 byte(s) in 1 object(s) allocated from:
    #0 0x7f5c46720cb5 in malloc (/usr/lib/libasan.so.8+0x120cb5) (BuildId: 0b96d08695bbce2da9d4770c29ad2e72fb536f47)
    #1 0x7b5c3fd9542d  (/usr/lib/libgallium-26.0.1-arch1.1.so+0x59542d) (BuildId: a3dce0dd9c47a82c903c70183600f6fd1a705e41)
    #2 0x7b5c3fdf65ac  (/usr/lib/libgallium-26.0.1-arch1.1.so+0x5f65ac) (BuildId: a3dce0dd9c47a82c903c70183600f6fd1a705e41)
    #3 0x7b5c3fea86fc  (/usr/lib/libgallium-26.0.1-arch1.1.so+0x6a86fc) (BuildId: a3dce0dd9c47a82c903c70183600f6fd1a705e41)
    #4 0x7b5c3fea8b19  (/usr/lib/libgallium-26.0.1-arch1.1.so+0x6a8b19) (BuildId: a3dce0dd9c47a82c903c70183600f6fd1a705e41)
    #5 0x7b5c3f97413c  (/usr/lib/libgallium-26.0.1-arch1.1.so+0x17413c) (BuildId: a3dce0dd9c47a82c903c70183600f6fd1a705e41)
    #6 0x7b5c3f974fe3  (/usr/lib/libgallium-26.0.1-arch1.1.so+0x174fe3) (BuildId: a3dce0dd9c47a82c903c70183600f6fd1a705e41)
    #7 0x7b5c3f976168  (/usr/lib/libgallium-26.0.1-arch1.1.so+0x176168) (BuildId: a3dce0dd9c47a82c903c70183600f6fd1a705e41)
    #8 0x7b5c3f9768bd  (/usr/lib/libgallium-26.0.1-arch1.1.so+0x1768bd) (BuildId: a3dce0dd9c47a82c903c70183600f6fd1a705e41)
    #9 0x7b5c3f977ef1  (/usr/lib/libgallium-26.0.1-arch1.1.so+0x177ef1) (BuildId: a3dce0dd9c47a82c903c70183600f6fd1a705e41)
    #10 0x7b5c3f9780ac  (/usr/lib/libgallium-26.0.1-arch1.1.so+0x1780ac) (BuildId: a3dce0dd9c47a82c903c70183600f6fd1a705e41)
    #11 0x7b5c3fbe43ae  (/usr/lib/libgallium-26.0.1-arch1.1.so+0x3e43ae) (BuildId: a3dce0dd9c47a82c903c70183600f6fd1a705e41)
    #12 0x7b5c3fb9c8e2  (/usr/lib/libgallium-26.0.1-arch1.1.so+0x39c8e2) (BuildId: a3dce0dd9c47a82c903c70183600f6fd1a705e41)
    #13 0x55a7a3fc8b17 in c_gles_init ../render/egl.c:424
    #14 0x55a7a3fc9cf3 in c_egl_init ../render/egl.c:588
    #15 0x55a7a3fcdf07 in c_render_init ../render/render.c:409
    #16 0x55a7a3f9b2a5 in main ../cuts.c:369
    #17 0x7f5c464366c0  (/usr/lib/libc.so.6+0x276c0) (BuildId: 7a8d41a2df4fde040b4c6ac2832311ab645a1e41)
    #18 0x7f5c464367f8 in __libc_start_main (/usr/lib/libc.so.6+0x277f8) (BuildId: 7a8d41a2df4fde040b4c6ac2832311ab645a1e41)
    #19 0x55a7a3f97d24 in _start (/home/user/cuts/build/main+0xcd24) (BuildId: 0b5c5505666bcb4c65222e617342ab07e5e82408)

Indirect leak of 224 byte(s) in 1 object(s) allocated from:
    #0 0x7f5c46720cb5 in malloc (/usr/lib/libasan.so.8+0x120cb5) (BuildId: 0b96d08695bbce2da9d4770c29ad2e72fb536f47)
    #1 0x7b5c3fd9542d  (/usr/lib/libgallium-26.0.1-arch1.1.so+0x59542d) (BuildId: a3dce0dd9c47a82c903c70183600f6fd1a705e41)
    #2 0x7b5c3fdf65ac  (/usr/lib/libgallium-26.0.1-arch1.1.so+0x5f65ac) (BuildId: a3dce0dd9c47a82c903c70183600f6fd1a705e41)
    #3 0x7b5c3fea86fc  (/usr/lib/libgallium-26.0.1-arch1.1.so+0x6a86fc) (BuildId: a3dce0dd9c47a82c903c70183600f6fd1a705e41)
    #4 0x7b5c3fea8b19  (/usr/lib/libgallium-26.0.1-arch1.1.so+0x6a8b19) (BuildId: a3dce0dd9c47a82c903c70183600f6fd1a705e41)
    #5 0x7b5c3f97413c  (/usr/lib/libgallium-26.0.1-arch1.1.so+0x17413c) (BuildId: a3dce0dd9c47a82c903c70183600f6fd1a705e41)
    #6 0x7b5c3f97595e  (/usr/lib/libgallium-26.0.1-arch1.1.so+0x17595e) (BuildId: a3dce0dd9c47a82c903c70183600f6fd1a705e41)
    #7 0x7b5c3f976386  (/usr/lib/libgallium-26.0.1-arch1.1.so+0x176386) (BuildId: a3dce0dd9c47a82c903c70183600f6fd1a705e41)
    #8 0x7b5c3f9769e9  (/usr/lib/libgallium-26.0.1-arch1.1.so+0x1769e9) (BuildId: a3dce0dd9c47a82c903c70183600f6fd1a705e41)
    #9 0x7b5c3f977ef1  (/usr/lib/libgallium-26.0.1-arch1.1.so+0x177ef1) (BuildId: a3dce0dd9c47a82c903c70183600f6fd1a705e41)
    #10 0x7b5c3f9780ac  (/usr/lib/libgallium-26.0.1-arch1.1.so+0x1780ac) (BuildId: a3dce0dd9c47a82c903c70183600f6fd1a705e41)
    #11 0x7b5c3fbe43ae  (/usr/lib/libgallium-26.0.1-arch1.1.so+0x3e43ae) (BuildId: a3dce0dd9c47a82c903c70183600f6fd1a705e41)
    #12 0x7b5c3fb9c8e2  (/usr/lib/libgallium-26.0.1-arch1.1.so+0x39c8e2) (BuildId: a3dce0dd9c47a82c903c70183600f6fd1a705e41)
    #13 0x55a7a3fc8b17 in c_gles_init ../render/egl.c:424
    #14 0x55a7a3fc9cf3 in c_egl_init ../render/egl.c:588
    #15 0x55a7a3fcdf07 in c_render_init ../render/render.c:409
    #16 0x55a7a3f9b2a5 in main ../cuts.c:369
    #17 0x7f5c464366c0  (/usr/lib/libc.so.6+0x276c0) (BuildId: 7a8d41a2df4fde040b4c6ac2832311ab645a1e41)
    #18 0x7f5c464367f8 in __libc_start_main (/usr/lib/libc.so.6+0x277f8) (BuildId: 7a8d41a2df4fde040b4c6ac2832311ab645a1e41)
    #19 0x55a7a3f97d24 in _start (/home/user/cuts/build/main+0xcd24) (BuildId: 0b5c5505666bcb4c65222e617342ab07e5e82408)

Indirect leak of 160 byte(s) in 1 object(s) allocated from:
    #0 0x7f5c46720cb5 in malloc (/usr/lib/libasan.so.8+0x120cb5) (BuildId: 0b96d08695bbce2da9d4770c29ad2e72fb536f47)
    #1 0x7b5c3fd9542d  (/usr/lib/libgallium-26.0.1-arch1.1.so+0x59542d) (BuildId: a3dce0dd9c47a82c903c70183600f6fd1a705e41)
    #2 0x7b5c3fdf63d1  (/usr/lib/libgallium-26.0.1-arch1.1.so+0x5f63d1) (BuildId: a3dce0dd9c47a82c903c70183600f6fd1a705e41)
    #3 0x7b5c3fea5283  (/usr/lib/libgallium-26.0.1-arch1.1.so+0x6a5283) (BuildId: a3dce0dd9c47a82c903c70183600f6fd1a705e41)
    #4 0x7b5c3fea8acb  (/usr/lib/libgallium-26.0.1-arch1.1.so+0x6a8acb) (BuildId: a3dce0dd9c47a82c903c70183600f6fd1a705e41)
    #5 0x7b5c3f97413c  (/usr/lib/libgallium-26.0.1-arch1.1.so+0x17413c) (BuildId: a3dce0dd9c47a82c903c70183600f6fd1a705e41)
    #6 0x7b5c3f97595e  (/usr/lib/libgallium-26.0.1-arch1.1.so+0x17595e) (BuildId: a3dce0dd9c47a82c903c70183600f6fd1a705e41)
    #7 0x7b5c3f976386  (/usr/lib/libgallium-26.0.1-arch1.1.so+0x176386) (BuildId: a3dce0dd9c47a82c903c70183600f6fd1a705e41)
    #8 0x7b5c3f9769e9  (/usr/lib/libgallium-26.0.1-arch1.1.so+0x1769e9) (BuildId: a3dce0dd9c47a82c903c70183600f6fd1a705e41)
    #9 0x7b5c3f977ef1  (/usr/lib/libgallium-26.0.1-arch1.1.so+0x177ef1) (BuildId: a3dce0dd9c47a82c903c70183600f6fd1a705e41)
    #10 0x7b5c3f9780ac  (/usr/lib/libgallium-26.0.1-arch1.1.so+0x1780ac) (BuildId: a3dce0dd9c47a82c903c70183600f6fd1a705e41)
    #11 0x7b5c3fbe43ae  (/usr/lib/libgallium-26.0.1-arch1.1.so+0x3e43ae) (BuildId: a3dce0dd9c47a82c903c70183600f6fd1a705e41)
    #12 0x7b5c3fb9c8e2  (/usr/lib/libgallium-26.0.1-arch1.1.so+0x39c8e2) (BuildId: a3dce0dd9c47a82c903c70183600f6fd1a705e41)
    #13 0x55a7a3fc8b17 in c_gles_init ../render/egl.c:424
    #14 0x55a7a3fc9cf3 in c_egl_init ../render/egl.c:588
    #15 0x55a7a3fcdf07 in c_render_init ../render/render.c:409
    #16 0x55a7a3f9b2a5 in main ../cuts.c:369
    #17 0x7f5c464366c0  (/usr/lib/libc.so.6+0x276c0) (BuildId: 7a8d41a2df4fde040b4c6ac2832311ab645a1e41)
    #18 0x7f5c464367f8 in __libc_start_main (/usr/lib/libc.so.6+0x277f8) (BuildId: 7a8d41a2df4fde040b4c6ac2832311ab645a1e41)
    #19 0x55a7a3f97d24 in _start (/home/user/cuts/build/main+0xcd24) (BuildId: 0b5c5505666bcb4c65222e617342ab07e5e82408)

Indirect leak of 160 byte(s) in 1 object(s) allocated from:
    #0 0x7f5c46720cb5 in malloc (/usr/lib/libasan.so.8+0x120cb5) (BuildId: 0b96d08695bbce2da9d4770c29ad2e72fb536f47)
    #1 0x7b5c3fd9542d  (/usr/lib/libgallium-26.0.1-arch1.1.so+0x59542d) (BuildId: a3dce0dd9c47a82c903c70183600f6fd1a705e41)
    #2 0x7b5c3fdf63d1  (/usr/lib/libgallium-26.0.1-arch1.1.so+0x5f63d1) (BuildId: a3dce0dd9c47a82c903c70183600f6fd1a705e41)
    #3 0x7b5c3fea5283  (/usr/lib/libgallium-26.0.1-arch1.1.so+0x6a5283) (BuildId: a3dce0dd9c47a82c903c70183600f6fd1a705e41)
    #4 0x7b5c3fea8acb  (/usr/lib/libgallium-26.0.1-arch1.1.so+0x6a8acb) (BuildId: a3dce0dd9c47a82c903c70183600f6fd1a705e41)
    #5 0x7b5c3f97413c  (/usr/lib/libgallium-26.0.1-arch1.1.so+0x17413c) (BuildId: a3dce0dd9c47a82c903c70183600f6fd1a705e41)
    #6 0x7b5c3f974fe3  (/usr/lib/libgallium-26.0.1-arch1.1.so+0x174fe3) (BuildId: a3dce0dd9c47a82c903c70183600f6fd1a705e41)
    #7 0x7b5c3f976168  (/usr/lib/libgallium-26.0.1-arch1.1.so+0x176168) (BuildId: a3dce0dd9c47a82c903c70183600f6fd1a705e41)
    #8 0x7b5c3f9768bd  (/usr/lib/libgallium-26.0.1-arch1.1.so+0x1768bd) (BuildId: a3dce0dd9c47a82c903c70183600f6fd1a705e41)
    #9 0x7b5c3f977ef1  (/usr/lib/libgallium-26.0.1-arch1.1.so+0x177ef1) (BuildId: a3dce0dd9c47a82c903c70183600f6fd1a705e41)
    #10 0x7b5c3f9780ac  (/usr/lib/libgallium-26.0.1-arch1.1.so+0x1780ac) (BuildId: a3dce0dd9c47a82c903c70183600f6fd1a705e41)
    #11 0x7b5c3fbe43ae  (/usr/lib/libgallium-26.0.1-arch1.1.so+0x3e43ae) (BuildId: a3dce0dd9c47a82c903c70183600f6fd1a705e41)
    #12 0x7b5c3fb9c8e2  (/usr/lib/libgallium-26.0.1-arch1.1.so+0x39c8e2) (BuildId: a3dce0dd9c47a82c903c70183600f6fd1a705e41)
    #13 0x55a7a3fc8b17 in c_gles_init ../render/egl.c:424
    #14 0x55a7a3fc9cf3 in c_egl_init ../render/egl.c:588
    #15 0x55a7a3fcdf07 in c_render_init ../render/render.c:409
    #16 0x55a7a3f9b2a5 in main ../cuts.c:369
    #17 0x7f5c464366c0  (/usr/lib/libc.so.6+0x276c0) (BuildId: 7a8d41a2df4fde040b4c6ac2832311ab645a1e41)
    #18 0x7f5c464367f8 in __libc_start_main (/usr/lib/libc.so.6+0x277f8) (BuildId: 7a8d41a2df4fde040b4c6ac2832311ab645a1e41)
    #19 0x55a7a3f97d24 in _start (/home/user/cuts/build/main+0xcd24) (BuildId: 0b5c5505666bcb4c65222e617342ab07e5e82408)

Indirect leak of 160 byte(s) in 2 object(s) allocated from:
    #0 0x7f5c46720cb5 in malloc (/usr/lib/libasan.so.8+0x120cb5) (BuildId: 0b96d08695bbce2da9d4770c29ad2e72fb536f47)
    #1 0x7b5c3fd9542d  (/usr/lib/libgallium-26.0.1-arch1.1.so+0x59542d) (BuildId: a3dce0dd9c47a82c903c70183600f6fd1a705e41)
    #2 0x7b5c3fd959d2  (/usr/lib/libgallium-26.0.1-arch1.1.so+0x5959d2) (BuildId: a3dce0dd9c47a82c903c70183600f6fd1a705e41)
    #3 0x7b5c3fdf5814  (/usr/lib/libgallium-26.0.1-arch1.1.so+0x5f5814) (BuildId: a3dce0dd9c47a82c903c70183600f6fd1a705e41)
    #4 0x7b5c3fdf5cd4  (/usr/lib/libgallium-26.0.1-arch1.1.so+0x5f5cd4) (BuildId: a3dce0dd9c47a82c903c70183600f6fd1a705e41)
    #5 0x7b5c3feac59f  (/usr/lib/libgallium-26.0.1-arch1.1.so+0x6ac59f) (BuildId: a3dce0dd9c47a82c903c70183600f6fd1a705e41)
    #6 0x7b5c3f975fa4  (/usr/lib/libgallium-26.0.1-arch1.1.so+0x175fa4) (BuildId: a3dce0dd9c47a82c903c70183600f6fd1a705e41)
    #7 0x7b5c3f976386  (/usr/lib/libgallium-26.0.1-arch1.1.so+0x176386) (BuildId: a3dce0dd9c47a82c903c70183600f6fd1a705e41)
    #8 0x7b5c3f9769e9  (/usr/lib/libgallium-26.0.1-arch1.1.so+0x1769e9) (BuildId: a3dce0dd9c47a82c903c70183600f6fd1a705e41)
    #9 0x7b5c3f977ef1  (/usr/lib/libgallium-26.0.1-arch1.1.so+0x177ef1) (BuildId: a3dce0dd9c47a82c903c70183600f6fd1a705e41)
    #10 0x7b5c3f9780ac  (/usr/lib/libgallium-26.0.1-arch1.1.so+0x1780ac) (BuildId: a3dce0dd9c47a82c903c70183600f6fd1a705e41)
    #11 0x7b5c3fbe43ae  (/usr/lib/libgallium-26.0.1-arch1.1.so+0x3e43ae) (BuildId: a3dce0dd9c47a82c903c70183600f6fd1a705e41)
    #12 0x7b5c3fb9c8e2  (/usr/lib/libgallium-26.0.1-arch1.1.so+0x39c8e2) (BuildId: a3dce0dd9c47a82c903c70183600f6fd1a705e41)
    #13 0x55a7a3fc8b17 in c_gles_init ../render/egl.c:424
    #14 0x55a7a3fc9cf3 in c_egl_init ../render/egl.c:588
    #15 0x55a7a3fcdf07 in c_render_init ../render/render.c:409
    #16 0x55a7a3f9b2a5 in main ../cuts.c:369
    #17 0x7f5c464366c0  (/usr/lib/libc.so.6+0x276c0) (BuildId: 7a8d41a2df4fde040b4c6ac2832311ab645a1e41)
    #18 0x7f5c464367f8 in __libc_start_main (/usr/lib/libc.so.6+0x277f8) (BuildId: 7a8d41a2df4fde040b4c6ac2832311ab645a1e41)
    #19 0x55a7a3f97d24 in _start (/home/user/cuts/build/main+0xcd24) (BuildId: 0b5c5505666bcb4c65222e617342ab07e5e82408)

Indirect leak of 160 byte(s) in 4 object(s) allocated from:
    #0 0x7f5c467205dd in calloc (/usr/lib/libasan.so.8+0x1205dd) (BuildId: 0b96d08695bbce2da9d4770c29ad2e72fb536f47)
    #1 0x55a7a3fa77a4 in c_list_new ../util/list.c:7
    #2 0x55a7a3fa798b in c_list_push ../util/list.c:30
    #3 0x55a7a3fa1a11 in c_backend_device_open ../backend/backend.c:120
    #4 0x55a7a3fa13c3 in input_open_restricted ../backend/backend.c:59
    #5 0x7f5c46e34cdc  (/usr/lib/libinput.so.10+0x2acdc) (BuildId: 75377b5b78b918a29ca69d3823ab28b8994e396c)
    #6 0x7f5c46e58603  (/usr/lib/libinput.so.10+0x4e603) (BuildId: 75377b5b78b918a29ca69d3823ab28b8994e396c)
    #7 0x7f5c46e589f8  (/usr/lib/libinput.so.10+0x4e9f8) (BuildId: 75377b5b78b918a29ca69d3823ab28b8994e396c)
    #8 0x7f5c46e58ba0 in libinput_udev_assign_seat (/usr/lib/libinput.so.10+0x4eba0) (BuildId: 75377b5b78b918a29ca69d3823ab28b8994e396c)
    #9 0x55a7a3fa0ce3 in c_input_init ../backend/input.c:373
    #10 0x55a7a3fa1fe7 in c_backend_init ../backend/backend.c:168
    #11 0x55a7a3f9af10 in main ../cuts.c:347
    #12 0x7f5c464366c0  (/usr/lib/libc.so.6+0x276c0) (BuildId: 7a8d41a2df4fde040b4c6ac2832311ab645a1e41)
    #13 0x7f5c464367f8 in __libc_start_main (/usr/lib/libc.so.6+0x277f8) (BuildId: 7a8d41a2df4fde040b4c6ac2832311ab645a1e41)
    #14 0x55a7a3f97d24 in _start (/home/user/cuts/build/main+0xcd24) (BuildId: 0b5c5505666bcb4c65222e617342ab07e5e82408)

Indirect leak of 64 byte(s) in 1 object(s) allocated from:
    #0 0x7f5c46720cb5 in malloc (/usr/lib/libasan.so.8+0x120cb5) (BuildId: 0b96d08695bbce2da9d4770c29ad2e72fb536f47)
    #1 0x7b5c3fd9542d  (/usr/lib/libgallium-26.0.1-arch1.1.so+0x59542d) (BuildId: a3dce0dd9c47a82c903c70183600f6fd1a705e41)
    #2 0x7b5c3fd959d2  (/usr/lib/libgallium-26.0.1-arch1.1.so+0x5959d2) (BuildId: a3dce0dd9c47a82c903c70183600f6fd1a705e41)
    #3 0x7b5c3fea8994  (/usr/lib/libgallium-26.0.1-arch1.1.so+0x6a8994) (BuildId: a3dce0dd9c47a82c903c70183600f6fd1a705e41)
    #4 0x7b5c3f97413c  (/usr/lib/libgallium-26.0.1-arch1.1.so+0x17413c) (BuildId: a3dce0dd9c47a82c903c70183600f6fd1a705e41)
    #5 0x7b5c3f974fe3  (/usr/lib/libgallium-26.0.1-arch1.1.so+0x174fe3) (BuildId: a3dce0dd9c47a82c903c70183600f6fd1a705e41)
    #6 0x7b5c3f976168  (/usr/lib/libgallium-26.0.1-arch1.1.so+0x176168) (BuildId: a3dce0dd9c47a82c903c70183600f6fd1a705e41)
    #7 0x7b5c3f9768bd  (/usr/lib/libgallium-26.0.1-arch1.1.so+0x1768bd) (BuildId: a3dce0dd9c47a82c903c70183600f6fd1a705e41)
    #8 0x7b5c3f977ef1  (/usr/lib/libgallium-26.0.1-arch1.1.so+0x177ef1) (BuildId: a3dce0dd9c47a82c903c70183600f6fd1a705e41)
    #9 0x7b5c3f9780ac  (/usr/lib/libgallium-26.0.1-arch1.1.so+0x1780ac) (BuildId: a3dce0dd9c47a82c903c70183600f6fd1a705e41)
    #10 0x7b5c3fbe43ae  (/usr/lib/libgallium-26.0.1-arch1.1.so+0x3e43ae) (BuildId: a3dce0dd9c47a82c903c70183600f6fd1a705e41)
    #11 0x7b5c3fb9c8e2  (/usr/lib/libgallium-26.0.1-arch1.1.so+0x39c8e2) (BuildId: a3dce0dd9c47a82c903c70183600f6fd1a705e41)
    #12 0x55a7a3fc8b17 in c_gles_init ../render/egl.c:424
    #13 0x55a7a3fc9cf3 in c_egl_init ../render/egl.c:588
    #14 0x55a7a3fcdf07 in c_render_init ../render/render.c:409
    #15 0x55a7a3f9b2a5 in main ../cuts.c:369
    #16 0x7f5c464366c0  (/usr/lib/libc.so.6+0x276c0) (BuildId: 7a8d41a2df4fde040b4c6ac2832311ab645a1e41)
    #17 0x7f5c464367f8 in __libc_start_main (/usr/lib/libc.so.6+0x277f8) (BuildId: 7a8d41a2df4fde040b4c6ac2832311ab645a1e41)
    #18 0x55a7a3f97d24 in _start (/home/user/cuts/build/main+0xcd24) (BuildId: 0b5c5505666bcb4c65222e617342ab07e5e82408)

Indirect leak of 64 byte(s) in 1 object(s) allocated from:
    #0 0x7f5c46720cb5 in malloc (/usr/lib/libasan.so.8+0x120cb5) (BuildId: 0b96d08695bbce2da9d4770c29ad2e72fb536f47)
    #1 0x7b5c3fd9542d  (/usr/lib/libgallium-26.0.1-arch1.1.so+0x59542d) (BuildId: a3dce0dd9c47a82c903c70183600f6fd1a705e41)
    #2 0x7b5c3fd959d2  (/usr/lib/libgallium-26.0.1-arch1.1.so+0x5959d2) (BuildId: a3dce0dd9c47a82c903c70183600f6fd1a705e41)
    #3 0x7b5c3fdf640c  (/usr/lib/libgallium-26.0.1-arch1.1.so+0x5f640c) (BuildId: a3dce0dd9c47a82c903c70183600f6fd1a705e41)
    #4 0x7b5c3fea5283  (/usr/lib/libgallium-26.0.1-arch1.1.so+0x6a5283) (BuildId: a3dce0dd9c47a82c903c70183600f6fd1a705e41)
    #5 0x7b5c3fea8acb  (/usr/lib/libgallium-26.0.1-arch1.1.so+0x6a8acb) (BuildId: a3dce0dd9c47a82c903c70183600f6fd1a705e41)
    #6 0x7b5c3f97413c  (/usr/lib/libgallium-26.0.1-arch1.1.so+0x17413c) (BuildId: a3dce0dd9c47a82c903c70183600f6fd1a705e41)
    #7 0x7b5c3f97595e  (/usr/lib/libgallium-26.0.1-arch1.1.so+0x17595e) (BuildId: a3dce0dd9c47a82c903c70183600f6fd1a705e41)
    #8 0x7b5c3f976386  (/usr/lib/libgallium-26.0.1-arch1.1.so+0x176386) (BuildId: a3dce0dd9c47a82c903c70183600f6fd1a705e41)
    #9 0x7b5c3f9769e9  (/usr/lib/libgallium-26.0.1-arch1.1.so+0x1769e9) (BuildId: a3dce0dd9c47a82c903c70183600f6fd1a705e41)
    #10 0x7b5c3f977ef1  (/usr/lib/libgallium-26.0.1-arch1.1.so+0x177ef1) (BuildId: a3dce0dd9c47a82c903c70183600f6fd1a705e41)
    #11 0x7b5c3f9780ac  (/usr/lib/libgallium-26.0.1-arch1.1.so+0x1780ac) (BuildId: a3dce0dd9c47a82c903c70183600f6fd1a705e41)
    #12 0x7b5c3fbe43ae  (/usr/lib/libgallium-26.0.1-arch1.1.so+0x3e43ae) (BuildId: a3dce0dd9c47a82c903c70183600f6fd1a705e41)
    #13 0x7b5c3fb9c8e2  (/usr/lib/libgallium-26.0.1-arch1.1.so+0x39c8e2) (BuildId: a3dce0dd9c47a82c903c70183600f6fd1a705e41)
    #14 0x55a7a3fc8b17 in c_gles_init ../render/egl.c:424
    #15 0x55a7a3fc9cf3 in c_egl_init ../render/egl.c:588
    #16 0x55a7a3fcdf07 in c_render_init ../render/render.c:409
    #17 0x55a7a3f9b2a5 in main ../cuts.c:369
    #18 0x7f5c464366c0  (/usr/lib/libc.so.6+0x276c0) (BuildId: 7a8d41a2df4fde040b4c6ac2832311ab645a1e41)
    #19 0x7f5c464367f8 in __libc_start_main (/usr/lib/libc.so.6+0x277f8) (BuildId: 7a8d41a2df4fde040b4c6ac2832311ab645a1e41)
    #20 0x55a7a3f97d24 in _start (/home/user/cuts/build/main+0xcd24) (BuildId: 0b5c5505666bcb4c65222e617342ab07e5e82408)

Indirect leak of 64 byte(s) in 1 object(s) allocated from:
    #0 0x7f5c46720cb5 in malloc (/usr/lib/libasan.so.8+0x120cb5) (BuildId: 0b96d08695bbce2da9d4770c29ad2e72fb536f47)
    #1 0x7b5c3fd9542d  (/usr/lib/libgallium-26.0.1-arch1.1.so+0x59542d) (BuildId: a3dce0dd9c47a82c903c70183600f6fd1a705e41)
    #2 0x7b5c3fd959d2  (/usr/lib/libgallium-26.0.1-arch1.1.so+0x5959d2) (BuildId: a3dce0dd9c47a82c903c70183600f6fd1a705e41)
    #3 0x7b5c3fea8994  (/usr/lib/libgallium-26.0.1-arch1.1.so+0x6a8994) (BuildId: a3dce0dd9c47a82c903c70183600f6fd1a705e41)
    #4 0x7b5c3f97413c  (/usr/lib/libgallium-26.0.1-arch1.1.so+0x17413c) (BuildId: a3dce0dd9c47a82c903c70183600f6fd1a705e41)
    #5 0x7b5c3f97595e  (/usr/lib/libgallium-26.0.1-arch1.1.so+0x17595e) (BuildId: a3dce0dd9c47a82c903c70183600f6fd1a705e41)
    #6 0x7b5c3f976386  (/usr/lib/libgallium-26.0.1-arch1.1.so+0x176386) (BuildId: a3dce0dd9c47a82c903c70183600f6fd1a705e41)
    #7 0x7b5c3f9769e9  (/usr/lib/libgallium-26.0.1-arch1.1.so+0x1769e9) (BuildId: a3dce0dd9c47a82c903c70183600f6fd1a705e41)
    #8 0x7b5c3f977ef1  (/usr/lib/libgallium-26.0.1-arch1.1.so+0x177ef1) (BuildId: a3dce0dd9c47a82c903c70183600f6fd1a705e41)
    #9 0x7b5c3f9780ac  (/usr/lib/libgallium-26.0.1-arch1.1.so+0x1780ac) (BuildId: a3dce0dd9c47a82c903c70183600f6fd1a705e41)
    #10 0x7b5c3fbe43ae  (/usr/lib/libgallium-26.0.1-arch1.1.so+0x3e43ae) (BuildId: a3dce0dd9c47a82c903c70183600f6fd1a705e41)
    #11 0x7b5c3fb9c8e2  (/usr/lib/libgallium-26.0.1-arch1.1.so+0x39c8e2) (BuildId: a3dce0dd9c47a82c903c70183600f6fd1a705e41)
    #12 0x55a7a3fc8b17 in c_gles_init ../render/egl.c:424
    #13 0x55a7a3fc9cf3 in c_egl_init ../render/egl.c:588
    #14 0x55a7a3fcdf07 in c_render_init ../render/render.c:409
    #15 0x55a7a3f9b2a5 in main ../cuts.c:369
    #16 0x7f5c464366c0  (/usr/lib/libc.so.6+0x276c0) (BuildId: 7a8d41a2df4fde040b4c6ac2832311ab645a1e41)
    #17 0x7f5c464367f8 in __libc_start_main (/usr/lib/libc.so.6+0x277f8) (BuildId: 7a8d41a2df4fde040b4c6ac2832311ab645a1e41)
    #18 0x55a7a3f97d24 in _start (/home/user/cuts/build/main+0xcd24) (BuildId: 0b5c5505666bcb4c65222e617342ab07e5e82408)

Indirect leak of 64 byte(s) in 1 object(s) allocated from:
    #0 0x7f5c46720cb5 in malloc (/usr/lib/libasan.so.8+0x120cb5) (BuildId: 0b96d08695bbce2da9d4770c29ad2e72fb536f47)
    #1 0x7b5c3fd9542d  (/usr/lib/libgallium-26.0.1-arch1.1.so+0x59542d) (BuildId: a3dce0dd9c47a82c903c70183600f6fd1a705e41)
    #2 0x7b5c3fd959d2  (/usr/lib/libgallium-26.0.1-arch1.1.so+0x5959d2) (BuildId: a3dce0dd9c47a82c903c70183600f6fd1a705e41)
    #3 0x7b5c3fdf640c  (/usr/lib/libgallium-26.0.1-arch1.1.so+0x5f640c) (BuildId: a3dce0dd9c47a82c903c70183600f6fd1a705e41)
    #4 0x7b5c3fea5283  (/usr/lib/libgallium-26.0.1-arch1.1.so+0x6a5283) (BuildId: a3dce0dd9c47a82c903c70183600f6fd1a705e41)
    #5 0x7b5c3fea8acb  (/usr/lib/libgallium-26.0.1-arch1.1.so+0x6a8acb) (BuildId: a3dce0dd9c47a82c903c70183600f6fd1a705e41)
    #6 0x7b5c3f97413c  (/usr/lib/libgallium-26.0.1-arch1.1.so+0x17413c) (BuildId: a3dce0dd9c47a82c903c70183600f6fd1a705e41)
    #7 0x7b5c3f974fe3  (/usr/lib/libgallium-26.0.1-arch1.1.so+0x174fe3) (BuildId: a3dce0dd9c47a82c903c70183600f6fd1a705e41)
    #8 0x7b5c3f976168  (/usr/lib/libgallium-26.0.1-arch1.1.so+0x176168) (BuildId: a3dce0dd9c47a82c903c70183600f6fd1a705e41)
    #9 0x7b5c3f9768bd  (/usr/lib/libgallium-26.0.1-arch1.1.so+0x1768bd) (BuildId: a3dce0dd9c47a82c903c70183600f6fd1a705e41)
    #10 0x7b5c3f977ef1  (/usr/lib/libgallium-26.0.1-arch1.1.so+0x177ef1) (BuildId: a3dce0dd9c47a82c903c70183600f6fd1a705e41)
    #11 0x7b5c3f9780ac  (/usr/lib/libgallium-26.0.1-arch1.1.so+0x1780ac) (BuildId: a3dce0dd9c47a82c903c70183600f6fd1a705e41)
    #12 0x7b5c3fbe43ae  (/usr/lib/libgallium-26.0.1-arch1.1.so+0x3e43ae) (BuildId: a3dce0dd9c47a82c903c70183600f6fd1a705e41)
    #13 0x7b5c3fb9c8e2  (/usr/lib/libgallium-26.0.1-arch1.1.so+0x39c8e2) (BuildId: a3dce0dd9c47a82c903c70183600f6fd1a705e41)
    #14 0x55a7a3fc8b17 in c_gles_init ../render/egl.c:424
    #15 0x55a7a3fc9cf3 in c_egl_init ../render/egl.c:588
    #16 0x55a7a3fcdf07 in c_render_init ../render/render.c:409
    #17 0x55a7a3f9b2a5 in main ../cuts.c:369
    #18 0x7f5c464366c0  (/usr/lib/libc.so.6+0x276c0) (BuildId: 7a8d41a2df4fde040b4c6ac2832311ab645a1e41)
    #19 0x7f5c464367f8 in __libc_start_main (/usr/lib/libc.so.6+0x277f8) (BuildId: 7a8d41a2df4fde040b4c6ac2832311ab645a1e41)
    #20 0x55a7a3f97d24 in _start (/home/user/cuts/build/main+0xcd24) (BuildId: 0b5c5505666bcb4c65222e617342ab07e5e82408)

Indirect leak of 48 byte(s) in 1 object(s) allocated from:
    #0 0x7f5c46720cb5 in malloc (/usr/lib/libasan.so.8+0x120cb5) (BuildId: 0b96d08695bbce2da9d4770c29ad2e72fb536f47)
    #1 0x7b5c3fd9542d  (/usr/lib/libgallium-26.0.1-arch1.1.so+0x59542d) (BuildId: a3dce0dd9c47a82c903c70183600f6fd1a705e41)
    #2 0x7b5c3fd9562e  (/usr/lib/libgallium-26.0.1-arch1.1.so+0x59562e) (BuildId: a3dce0dd9c47a82c903c70183600f6fd1a705e41)
    #3 0x7b5c3fea5323  (/usr/lib/libgallium-26.0.1-arch1.1.so+0x6a5323) (BuildId: a3dce0dd9c47a82c903c70183600f6fd1a705e41)
    #4 0x7b5c3fea8acb  (/usr/lib/libgallium-26.0.1-arch1.1.so+0x6a8acb) (BuildId: a3dce0dd9c47a82c903c70183600f6fd1a705e41)
    #5 0x7b5c3f97413c  (/usr/lib/libgallium-26.0.1-arch1.1.so+0x17413c) (BuildId: a3dce0dd9c47a82c903c70183600f6fd1a705e41)
    #6 0x7b5c3f97595e  (/usr/lib/libgallium-26.0.1-arch1.1.so+0x17595e) (BuildId: a3dce0dd9c47a82c903c70183600f6fd1a705e41)
    #7 0x7b5c3f976386  (/usr/lib/libgallium-26.0.1-arch1.1.so+0x176386) (BuildId: a3dce0dd9c47a82c903c70183600f6fd1a705e41)
    #8 0x7b5c3f9769e9  (/usr/lib/libgallium-26.0.1-arch1.1.so+0x1769e9) (BuildId: a3dce0dd9c47a82c903c70183600f6fd1a705e41)
    #9 0x7b5c3f977ef1  (/usr/lib/libgallium-26.0.1-arch1.1.so+0x177ef1) (BuildId: a3dce0dd9c47a82c903c70183600f6fd1a705e41)
    #10 0x7b5c3f9780ac  (/usr/lib/libgallium-26.0.1-arch1.1.so+0x1780ac) (BuildId: a3dce0dd9c47a82c903c70183600f6fd1a705e41)
    #11 0x7b5c3fbe43ae  (/usr/lib/libgallium-26.0.1-arch1.1.so+0x3e43ae) (BuildId: a3dce0dd9c47a82c903c70183600f6fd1a705e41)
    #12 0x7b5c3fb9c8e2  (/usr/lib/libgallium-26.0.1-arch1.1.so+0x39c8e2) (BuildId: a3dce0dd9c47a82c903c70183600f6fd1a705e41)
    #13 0x55a7a3fc8b17 in c_gles_init ../render/egl.c:424
    #14 0x55a7a3fc9cf3 in c_egl_init ../render/egl.c:588
    #15 0x55a7a3fcdf07 in c_render_init ../render/render.c:409
    #16 0x55a7a3f9b2a5 in main ../cuts.c:369
    #17 0x7f5c464366c0  (/usr/lib/libc.so.6+0x276c0) (BuildId: 7a8d41a2df4fde040b4c6ac2832311ab645a1e41)
    #18 0x7f5c464367f8 in __libc_start_main (/usr/lib/libc.so.6+0x277f8) (BuildId: 7a8d41a2df4fde040b4c6ac2832311ab645a1e41)
    #19 0x55a7a3f97d24 in _start (/home/user/cuts/build/main+0xcd24) (BuildId: 0b5c5505666bcb4c65222e617342ab07e5e82408)

Indirect leak of 48 byte(s) in 1 object(s) allocated from:
    #0 0x7f5c46720cb5 in malloc (/usr/lib/libasan.so.8+0x120cb5) (BuildId: 0b96d08695bbce2da9d4770c29ad2e72fb536f47)
    #1 0x7b5c3fd9542d  (/usr/lib/libgallium-26.0.1-arch1.1.so+0x59542d) (BuildId: a3dce0dd9c47a82c903c70183600f6fd1a705e41)
    #2 0x7b5c3fd9562e  (/usr/lib/libgallium-26.0.1-arch1.1.so+0x59562e) (BuildId: a3dce0dd9c47a82c903c70183600f6fd1a705e41)
    #3 0x7b5c3fea5323  (/usr/lib/libgallium-26.0.1-arch1.1.so+0x6a5323) (BuildId: a3dce0dd9c47a82c903c70183600f6fd1a705e41)
    #4 0x7b5c3fea8acb  (/usr/lib/libgallium-26.0.1-arch1.1.so+0x6a8acb) (BuildId: a3dce0dd9c47a82c903c70183600f6fd1a705e41)
    #5 0x7b5c3f97413c  (/usr/lib/libgallium-26.0.1-arch1.1.so+0x17413c) (BuildId: a3dce0dd9c47a82c903c70183600f6fd1a705e41)
    #6 0x7b5c3f974fe3  (/usr/lib/libgallium-26.0.1-arch1.1.so+0x174fe3) (BuildId: a3dce0dd9c47a82c903c70183600f6fd1a705e41)
    #7 0x7b5c3f976168  (/usr/lib/libgallium-26.0.1-arch1.1.so+0x176168) (BuildId: a3dce0dd9c47a82c903c70183600f6fd1a705e41)
    #8 0x7b5c3f9768bd  (/usr/lib/libgallium-26.0.1-arch1.1.so+0x1768bd) (BuildId: a3dce0dd9c47a82c903c70183600f6fd1a705e41)
    #9 0x7b5c3f977ef1  (/usr/lib/libgallium-26.0.1-arch1.1.so+0x177ef1) (BuildId: a3dce0dd9c47a82c903c70183600f6fd1a705e41)
    #10 0x7b5c3f9780ac  (/usr/lib/libgallium-26.0.1-arch1.1.so+0x1780ac) (BuildId: a3dce0dd9c47a82c903c70183600f6fd1a705e41)
    #11 0x7b5c3fbe43ae  (/usr/lib/libgallium-26.0.1-arch1.1.so+0x3e43ae) (BuildId: a3dce0dd9c47a82c903c70183600f6fd1a705e41)
    #12 0x7b5c3fb9c8e2  (/usr/lib/libgallium-26.0.1-arch1.1.so+0x39c8e2) (BuildId: a3dce0dd9c47a82c903c70183600f6fd1a705e41)
    #13 0x55a7a3fc8b17 in c_gles_init ../render/egl.c:424
    #14 0x55a7a3fc9cf3 in c_egl_init ../render/egl.c:588
    #15 0x55a7a3fcdf07 in c_render_init ../render/render.c:409
    #16 0x55a7a3f9b2a5 in main ../cuts.c:369
    #17 0x7f5c464366c0  (/usr/lib/libc.so.6+0x276c0) (BuildId: 7a8d41a2df4fde040b4c6ac2832311ab645a1e41)
    #18 0x7f5c464367f8 in __libc_start_main (/usr/lib/libc.so.6+0x277f8) (BuildId: 7a8d41a2df4fde040b4c6ac2832311ab645a1e41)
    #19 0x55a7a3f97d24 in _start (/home/user/cuts/build/main+0xcd24) (BuildId: 0b5c5505666bcb4c65222e617342ab07e5e82408)

Indirect leak of 40 byte(s) in 1 object(s) allocated from:
    #0 0x7f5c467205dd in calloc (/usr/lib/libasan.so.8+0x1205dd) (BuildId: 0b96d08695bbce2da9d4770c29ad2e72fb536f47)
    #1 0x55a7a3fa77a4 in c_list_new ../util/list.c:7
    #2 0x55a7a3fa798b in c_list_push ../util/list.c:30
    #3 0x55a7a3fa1a11 in c_backend_device_open ../backend/backend.c:120
    #4 0x55a7a3fa11c1 in open_gpu ../backend/backend.c:32
    #5 0x55a7a3fa1f30 in c_backend_init ../backend/backend.c:160
    #6 0x55a7a3f9af10 in main ../cuts.c:347
    #7 0x7f5c464366c0  (/usr/lib/libc.so.6+0x276c0) (BuildId: 7a8d41a2df4fde040b4c6ac2832311ab645a1e41)
    #8 0x7f5c464367f8 in __libc_start_main (/usr/lib/libc.so.6+0x277f8) (BuildId: 7a8d41a2df4fde040b4c6ac2832311ab645a1e41)
    #9 0x55a7a3f97d24 in _start (/home/user/cuts/build/main+0xcd24) (BuildId: 0b5c5505666bcb4c65222e617342ab07e5e82408)

SUMMARY: AddressSanitizer: 384808 byte(s) leaked in 43 allocation(s).
